Using pre-set license
Built from '2021.3/staging' branch; Version is '2021.3.21f1 (1b156197d683) revision 1774945'; Using compiler version '192829333'; Build Type 'Release'
OS: 'Windows 10  (10.0.19045) 64bit Core' Language: 'pt' Physical Memory: 8114 MB
BatchMode: 1, IsHumanControllingUs: 0, StartBugReporterOnCrash: 0, Is64bit: 1, IsPro: 1

COMMAND LINE ARGUMENTS:
C:\Program Files\Unity\Hub\Editor\2021.3.21f1\Editor\Unity.exe
-adb2
-batchMode
-noUpm
-name
AssetImportWorker1845
-projectPath
C:/Users/diogo/Desktop/School/DJA/Project/Infected
-logFile
Logs/AssetImportWorker1845.log
-srvPort
61492
Successfully changed project path to: C:/Users/diogo/Desktop/School/DJA/Project/Infected
C:/Users/diogo/Desktop/School/DJA/Project/Infected
[UnityMemory] Configuration Parameters - Can be set up in boot.config
    "memorysetup-bucket-allocator-granularity=16"
    "memorysetup-bucket-allocator-bucket-count=8"
    "memorysetup-bucket-allocator-block-size=33554432"
    "memorysetup-bucket-allocator-block-count=8"
    "memorysetup-main-allocator-block-size=16777216"
    "memorysetup-thread-allocator-block-size=16777216"
    "memorysetup-gfx-main-allocator-block-size=16777216"
    "memorysetup-gfx-thread-allocator-block-size=16777216"
    "memorysetup-cache-allocator-block-size=4194304"
    "memorysetup-typetree-allocator-block-size=2097152"
    "memorysetup-profiler-bucket-allocator-granularity=16"
    "memorysetup-profiler-bucket-allocator-bucket-count=8"
    "memorysetup-profiler-bucket-allocator-block-size=33554432"
    "memorysetup-profiler-bucket-allocator-block-count=8"
    "memorysetup-profiler-allocator-block-size=16777216"
    "memorysetup-profiler-editor-allocator-block-size=1048576"
    "memorysetup-temp-allocator-size-main=16777216"
    "memorysetup-job-temp-allocator-block-size=2097152"
    "memorysetup-job-temp-allocator-block-size-background=1048576"
    "memorysetup-job-temp-allocator-reduction-small-platforms=262144"
    "memorysetup-temp-allocator-size-background-worker=32768"
    "memorysetup-temp-allocator-size-job-worker=262144"
    "memorysetup-temp-allocator-size-preload-manager=33554432"
    "memorysetup-temp-allocator-size-nav-mesh-worker=65536"
    "memorysetup-temp-allocator-size-audio-worker=65536"
    "memorysetup-temp-allocator-size-cloud-worker=32768"
    "memorysetup-temp-allocator-size-gi-baking-worker=262144"
    "memorysetup-temp-allocator-size-gfx=262144"
Player connection [32652] Host "[IP] 192.168.1.70 [Port] 0 [Flags] 2 [Guid] 3795576428 [EditorId] 3795576428 [Version] 1048832 [Id] WindowsEditor(7,DESKTOP-KCRGQGH) [Debug] 1 [PackageName] WindowsEditor [ProjectName] Editor" joined multi-casting on [225.0.0.222:54997]...

Player connection [32652] Host "[IP] 192.168.1.70 [Port] 0 [Flags] 2 [Guid] 3795576428 [EditorId] 3795576428 [Version] 1048832 [Id] WindowsEditor(7,DESKTOP-KCRGQGH) [Debug] 1 [PackageName] WindowsEditor [ProjectName] Editor" joined alternative multi-casting on [225.0.0.222:34997]...

mdb reader table full -> cleaning up stale readers. Current readers:
    pid     thread     txnid
      9340 245c -
     45776 a8a8 17557
      9340 4270 -
     45836 acbc 17558
      9340 1974 -
     45672 b0e4 17559
     44324 b38c 17560
     42200 a070 17561
     45792 b2c0 17562
     36120 a488 17563
     44688 15dc 17564
     37544 a320 17565
     45576 2354 17566
     43988 a658 17567
     41712 b188 17568
     43916 af2c 17569
     43964 9e70 17570
     45708 afe0 17571
     45204 adc4 17572
     47012 b7a8 17573
     46376 b580 17574
     47332 b8e8 17575
     47616 ba04 17576
     47488 b988 17577
     47748 ba88 17578
     47116 b808 17579
     47556 b9c0 17580
     46704 a260 17581
     44980 b6ec 17582
     47784 9c18 17583
     46180 b5a4 17584
     47092 a4dc 17585
     46932 b758 17586
     47884 aebc 17587
     46404 aac4 17588
     45648 b8f8 17589
     46868 b7e4 17590
     14376 b7f8 17591
     26196 9bd8 17592
     44752 b7c0 17593
     47160 b700 17594
     32300 b560 17595
     38804 b294 17596
     48080 b6b8 17597
     41052 b720 17598
     47992 bbf0 17599
     46748 b6b0 17600
     47852 b8ec 17601
     44188 b550 17602
     45516 bb30 17603
     47640 9cc4 17604
     45200 bac0 17605
     42384 b790 17606
     43804 b828 17607
     47932 b454 17608
     47696 b958 17609
     44028 b63c 17610
     46484 b264 17611
     47960 8fac 17612
     25300 b460 17613
     47940 b6e8 17614
     40224 b990 17615
     48100 b598 17616
     46048 add0 17617
     47912 bbd8 17618
     47240 abe0 17619
     44524 ae30 17620
     48084 b910 17621
     47816 b584 17622
     46552 a3b4 17623
     45976 ab40 17624
     47276 b51c 17625
     47296 b53c 17626
     48048 b7f0 17627
     47048 bac4 17628
     46536 9cb0 17629
     47472 b600 17630
     46420 ba8c 17631
     47692 b75c 17632
     47328 abb8 17633
     46968 9b2c 17634
     35588 a06c 17635
     36888 ba58 17636
     47204 b774 17637
     46928 b338 17638
     43492 b388 17639
     46796 b854 17640
     44748 b83c 17641
     43080 9ee4 17642
     44840 b1d4 17643
     45264 b3bc 17644
     44968 aa24 17645
     46452 b128 17646
     47764 bb5c 17647
     46540 b9e4 17648
     45700 b628 17649
     47656 bbe8 17650
     46896 b798 17651
     46736 a8a0 17652
     45104 aca8 17653
     46328 b7a0 17654
     46760 9504 17655
     47716 b968 17656
     40632 b0c8 17657
     47280 a9ec 17658
     47344 9e50 17659
     48200 bc4c 17660
     48676 be28 17661
     48932 bf28 17662
     48120 b534 17663
     47516 9448 17664
     48800 bea4 17665
     49084 bfc0 17666
     48376 bcfc 17667
     47080 bc38 17668
     49012 bf78 17669
     46172 b424 17670
     47596 baa4 17671
     48116 af78 17672
     47392 ba74 17673
     47256 bdf0 17674
     46196 b618 17675
     48520 bd84 17676
     48208 bf88 17677
     46268 befc 17678
     46336 b844 17679
Cleaned out 123 stale readers
received signal from system: SIGSEGV
Obtained 19 stack frames
0x00007ff730a8d1dd (Unity) StackWalker::GetCurrentCallstack
0x00007ff730a93d99 (Unity) StackWalker::ShowCallstack
0x00007ff731a2b913 (Unity) GetStacktrace
0x00007ff730a92dd6 (Unity) winutils::PrintStackTrace
0x00007ff730a8c80c (Unity) winutils::CrashHandler::DefaultSignalHandler
0x00007ff732e68b7e (Unity) seh_filter_exe
0x00007ff732f2a4d8 (Unity) `__scrt_common_main_seh'::`1'::filt$0
0x00007ff732e354b0 (Unity) _C_specific_handler
0x00007ffdebe923df (ntdll) _chkstk
0x00007ffdebe414a4 (ntdll) RtlRaiseException
0x00007ffdebe90f0e (ntdll) KiUserExceptionDispatcher
0x00007ff731db98e8 (Unity) SyncAssetFoldersWithDB
0x00007ff731da70e5 (Unity) InitializeAssetDatabaseV2
0x00007ff731d280b5 (Unity) AssetDatabase::InitializeAssetDatabase
0x00007ff7315cf13f (Unity) Application::InitializeProject
0x00007ff731a36078 (Unity) WinMain
0x00007ff732e12e1e (Unity) __scrt_common_main_seh
0x00007ffdeb8d7614 (KERNEL32) BaseThreadInitThunk
0x00007ffdebe426a1 (ntdll) RtlUserThreadStart

