Using pre-set license
Built from '2021.3/staging' branch; Version is '2021.3.21f1 (1b156197d683) revision 1774945'; Using compiler version '192829333'; Build Type 'Release'
OS: 'Windows 10  (10.0.19045) 64bit Core' Language: 'pt' Physical Memory: 8114 MB
BatchMode: 1, IsHumanControllingUs: 0, StartBugReporterOnCrash: 0, Is64bit: 1, IsPro: 1

COMMAND LINE ARGUMENTS:
C:\Program Files\Unity\Hub\Editor\2021.3.21f1\Editor\Unity.exe
-adb2
-batchMode
-noUpm
-name
AssetImportWorker2706
-projectPath
C:/Users/diogo/Desktop/School/DJA/Project/Infected
-logFile
Logs/AssetImportWorker2706.log
-srvPort
61492
Successfully changed project path to: C:/Users/diogo/Desktop/School/DJA/Project/Infected
C:/Users/diogo/Desktop/School/DJA/Project/Infected
[UnityMemory] Configuration Parameters - Can be set up in boot.config
    "memorysetup-bucket-allocator-granularity=16"
    "memorysetup-bucket-allocator-bucket-count=8"
    "memorysetup-bucket-allocator-block-size=33554432"
    "memorysetup-bucket-allocator-block-count=8"
    "memorysetup-main-allocator-block-size=16777216"
    "memorysetup-thread-allocator-block-size=16777216"
    "memorysetup-gfx-main-allocator-block-size=16777216"
    "memorysetup-gfx-thread-allocator-block-size=16777216"
    "memorysetup-cache-allocator-block-size=4194304"
    "memorysetup-typetree-allocator-block-size=2097152"
    "memorysetup-profiler-bucket-allocator-granularity=16"
    "memorysetup-profiler-bucket-allocator-bucket-count=8"
    "memorysetup-profiler-bucket-allocator-block-size=33554432"
    "memorysetup-profiler-bucket-allocator-block-count=8"
    "memorysetup-profiler-allocator-block-size=16777216"
    "memorysetup-profiler-editor-allocator-block-size=1048576"
    "memorysetup-temp-allocator-size-main=16777216"
    "memorysetup-job-temp-allocator-block-size=2097152"
    "memorysetup-job-temp-allocator-block-size-background=1048576"
    "memorysetup-job-temp-allocator-reduction-small-platforms=262144"
    "memorysetup-temp-allocator-size-background-worker=32768"
    "memorysetup-temp-allocator-size-job-worker=262144"
    "memorysetup-temp-allocator-size-preload-manager=33554432"
    "memorysetup-temp-allocator-size-nav-mesh-worker=65536"
    "memorysetup-temp-allocator-size-audio-worker=65536"
    "memorysetup-temp-allocator-size-cloud-worker=32768"
    "memorysetup-temp-allocator-size-gi-baking-worker=262144"
    "memorysetup-temp-allocator-size-gfx=262144"
Player connection [63936] Host "[IP] 192.168.1.70 [Port] 0 [Flags] 2 [Guid] 2846838959 [EditorId] 2846838959 [Version] 1048832 [Id] WindowsEditor(7,DESKTOP-KCRGQGH) [Debug] 1 [PackageName] WindowsEditor [ProjectName] Editor" joined multi-casting on [225.0.0.222:54997]...

Player connection [63936] Host "[IP] 192.168.1.70 [Port] 0 [Flags] 2 [Guid] 2846838959 [EditorId] 2846838959 [Version] 1048832 [Id] WindowsEditor(7,DESKTOP-KCRGQGH) [Debug] 1 [PackageName] WindowsEditor [ProjectName] Editor" joined alternative multi-casting on [225.0.0.222:34997]...

mdb reader table full -> cleaning up stale readers. Current readers:
    pid     thread     txnid
      9340 245c -
     47324 f3e4 18752
      9340 4270 -
     62044 f8a4 18754
      9340 1974 -
     61988 e660 18755
     51452 f214 18756
     45012 fe74 18757
     51704 e02c 18758
     23304 f394 18759
     65416 f5dc 18760
     65220 e688 18761
     64480 dac4 18762
     61124 fbcc 18763
     61292 fb50 18764
     44964 d074 18765
     59404 f01c 18766
     63448 d89c 18767
     64716 fe24 18768
     64804 f50c 18769
     58644 e25c 18770
     57700 f8a8 18771
     64808 fdd0 18772
     61764 ff00 18773
     63452 eac0 18774
     60852 df30 18775
     56496 ed34 18776
     65408 fd7c 18777
     65504 ec60 18784
     64688 f0cc 18785
     64872 fff4 18789
     65340 fed4 18790
     64796 e9a4 18794
     62396 f0f8 18795
     64568 fdec 18796
     50544 f180 18797
     64828 f504 18801
     64292 da64 18802
     63028 f440 18803
     60152 db88 18804
     57880 eb58 18805
     64696 c690 18806
     60924 e970 18817
     63024 da28 18818
     57188 e9f0 18822
     62400 d688 18823
     63376 fd8c 18824
     66464 100b4 18825
     62684 1011c 18834
     65964 101e8 18835
     53180 10328 18839
     63064 fea8 18840
     61888 fa7c 18843
     53652 10358 18844
     59964 fb60 18845
     66336 ef98 18846
     61892 f6dc 18851
     65252 ea78 18852
     65932 1033c 18856
     66144 d144 18857
     65144 f66c 18858
     64628 f88c 18859
     63052 b2ac 18863
     55580 db9c 18864
     63776 ffa4 18867
     64592 f648 18868
     57252 1010c 18869
     39148 f388 18870
     66368 10354 18877
     66052 fdf4 18878
     65776 fdf8 18879
     61864 10180 18880
     58556 ebc8 18881
     64700 eb44 18884
     66260 1039c 18889
     54944 f53c 18892
     65896 fa60 18896
     65148 f100 18897
     64684 e220 18901
     63572 fbb8 18902
     65244 f44c 18903
     55988 f414 18904
     62556 eb9c 18905
     63568 d918 18906
     55796 1034c 18908
     59532 ef50 18909
     64840 f750 18910
     64760 10214 18911
     65856 e7d0 18912
     65532 f1ec 18913
     55116 ed68 18914
     59592 fb8c 18915
     63992 e964 18916
     66032 e428 18917
     56716 1002c 18918
     63484 de7c 18919
     63680 f534 18920
     64844 ee04 18921
     67280 106cc 18925
     67512 107bc 18926
     64944 f0c0 18930
     62188 fddc 18931
     66948 10700 18932
     53688 1068c 18933
     62368 fbe8 18934
     67564 e064 18935
     66612 ffbc 18936
     64164 fc80 18937
     54652 fcf4 18938
     67332 fadc 18939
     65592 cdb4 18940
     65884 10698 18941
     67064 e524 18944
     67148 ef78 18945
     66744 10084 18947
     66036 f21c 18948
     51596 f3a8 18949
     66296 fdbc 18950
     59044 fd94 18951
     57268 1021c 18952
     66768 10430 18954
     66832 f874 18955
     63740 fd44 18957
     63876 d93c 18958
     67092 dec4 18961
     61676 f1b8 18962
Cleaned out 123 stale readers
received signal from system: SIGSEGV
Obtained 19 stack frames
0x00007ff730a8d1dd (Unity) StackWalker::GetCurrentCallstack
0x00007ff730a93d99 (Unity) StackWalker::ShowCallstack
0x00007ff731a2b913 (Unity) GetStacktrace
0x00007ff730a92dd6 (Unity) winutils::PrintStackTrace
0x00007ff730a8c80c (Unity) winutils::CrashHandler::DefaultSignalHandler
0x00007ff732e68b7e (Unity) seh_filter_exe
0x00007ff732f2a4d8 (Unity) `__scrt_common_main_seh'::`1'::filt$0
0x00007ff732e354b0 (Unity) _C_specific_handler
0x00007ffdebe923df (ntdll) _chkstk
0x00007ffdebe414a4 (ntdll) RtlRaiseException
0x00007ffdebe90f0e (ntdll) KiUserExceptionDispatcher
0x00007ff731db98e8 (Unity) SyncAssetFoldersWithDB
0x00007ff731da70e5 (Unity) InitializeAssetDatabaseV2
0x00007ff731d280b5 (Unity) AssetDatabase::InitializeAssetDatabase
0x00007ff7315cf13f (Unity) Application::InitializeProject
0x00007ff731a36078 (Unity) WinMain
0x00007ff732e12e1e (Unity) __scrt_common_main_seh
0x00007ffdeb8d7614 (KERNEL32) BaseThreadInitThunk
0x00007ffdebe426a1 (ntdll) RtlUserThreadStart

