Using pre-set license
Built from '2021.3/staging' branch; Version is '2021.3.21f1 (1b156197d683) revision 1774945'; Using compiler version '192829333'; Build Type 'Release'
OS: 'Windows 10  (10.0.19045) 64bit Core' Language: 'pt' Physical Memory: 8114 MB
BatchMode: 1, IsHumanControllingUs: 0, StartBugReporterOnCrash: 0, Is64bit: 1, IsPro: 1

COMMAND LINE ARGUMENTS:
C:\Program Files\Unity\Hub\Editor\2021.3.21f1\Editor\Unity.exe
-adb2
-batchMode
-noUpm
-name
AssetImportWorker2583
-projectPath
C:/Users/diogo/Desktop/School/DJA/Project/Infected
-logFile
Logs/AssetImportWorker2583.log
-srvPort
61492
Successfully changed project path to: C:/Users/diogo/Desktop/School/DJA/Project/Infected
C:/Users/diogo/Desktop/School/DJA/Project/Infected
[UnityMemory] Configuration Parameters - Can be set up in boot.config
    "memorysetup-bucket-allocator-granularity=16"
    "memorysetup-bucket-allocator-bucket-count=8"
    "memorysetup-bucket-allocator-block-size=33554432"
    "memorysetup-bucket-allocator-block-count=8"
    "memorysetup-main-allocator-block-size=16777216"
    "memorysetup-thread-allocator-block-size=16777216"
    "memorysetup-gfx-main-allocator-block-size=16777216"
    "memorysetup-gfx-thread-allocator-block-size=16777216"
    "memorysetup-cache-allocator-block-size=4194304"
    "memorysetup-typetree-allocator-block-size=2097152"
    "memorysetup-profiler-bucket-allocator-granularity=16"
    "memorysetup-profiler-bucket-allocator-bucket-count=8"
    "memorysetup-profiler-bucket-allocator-block-size=33554432"
    "memorysetup-profiler-bucket-allocator-block-count=8"
    "memorysetup-profiler-allocator-block-size=16777216"
    "memorysetup-profiler-editor-allocator-block-size=1048576"
    "memorysetup-temp-allocator-size-main=16777216"
    "memorysetup-job-temp-allocator-block-size=2097152"
    "memorysetup-job-temp-allocator-block-size-background=1048576"
    "memorysetup-job-temp-allocator-reduction-small-platforms=262144"
    "memorysetup-temp-allocator-size-background-worker=32768"
    "memorysetup-temp-allocator-size-job-worker=262144"
    "memorysetup-temp-allocator-size-preload-manager=33554432"
    "memorysetup-temp-allocator-size-nav-mesh-worker=65536"
    "memorysetup-temp-allocator-size-audio-worker=65536"
    "memorysetup-temp-allocator-size-cloud-worker=32768"
    "memorysetup-temp-allocator-size-gi-baking-worker=262144"
    "memorysetup-temp-allocator-size-gfx=262144"
Player connection [62436] Host "[IP] 192.168.1.70 [Port] 0 [Flags] 2 [Guid] 1733030111 [EditorId] 1733030111 [Version] 1048832 [Id] WindowsEditor(7,DESKTOP-KCRGQGH) [Debug] 1 [PackageName] WindowsEditor [ProjectName] Editor" joined multi-casting on [225.0.0.222:54997]...

Player connection [62436] Host "[IP] 192.168.1.70 [Port] 0 [Flags] 2 [Guid] 1733030111 [EditorId] 1733030111 [Version] 1048832 [Id] WindowsEditor(7,DESKTOP-KCRGQGH) [Debug] 1 [PackageName] WindowsEditor [ProjectName] Editor" joined alternative multi-casting on [225.0.0.222:34997]...

mdb reader table full -> cleaning up stale readers. Current readers:
    pid     thread     txnid
      9340 245c -
     62668 f408 18496
      9340 4270 -
     60976 e0f4 18497
      9340 1974 -
     60804 e734 18498
     59220 f684 18499
     62476 f76c 18500
     57908 eb74 18501
     56340 f508 18504
     62880 cc40 18505
     62720 f6c8 18507
     58088 ecb0 18508
     58948 ee40 18512
     56132 f30c 18513
     62928 e994 18518
     61552 f778 18519
     63356 e16c 18520
     62704 f51c 18521
     49716 a60c 18530
     62116 f744 18531
     62104 f448 18542
     56468 dfcc 18543
     61756 ece0 18545
     61260 dc1c 18546
     59008 f200 18547
     40168 f028 18548
     58048 f0fc 18554
     63016 f124 18555
     56244 e46c 18561
     50184 eeb4 18562
     59472 f558 18565
     58296 ea30 18567
     59752 f3b8 18572
     57248 e3e8 18574
     47580 d3e8 18576
     61220 f048 18577
     51172 e294 18578
     55564 f3ec 18579
     59716 f468 18580
     56724 f6a0 18581
     62004 d554 18582
     62820 d030 18583
     45932 ee54 18584
     58360 f2e4 18585
     55588 dfb0 18586
     60636 ed00 18587
     62652 f49c 18588
     62964 f574 18589
     61716 dcb4 18590
     56476 df18 18591
     50400 f3f8 18592
     55376 e748 18593
     63224 f734 18594
     58240 e914 18595
     55672 f4f4 18596
     61844 de78 18597
     60264 b0f8 18600
     57048 f4d8 18601
     63880 f98c 18602
     64228 fae8 18603
     61200 cc7c 18604
     63848 e228 18605
     64008 f9fc 18606
     63128 fa48 18607
     64136 faac 18608
     63988 ea58 18609
     57932 d2f0 18610
     48484 ddf8 18611
     64156 f898 18612
     63124 f138 18613
     55660 f590 18614
     60212 f910 18615
     60164 f344 18616
     60928 f6f4 18617
     63728 fa90 18618
     63620 c47c 18619
     64388 b444 18620
     63856 f8cc 18621
     63524 ea94 18622
     61840 f700 18623
     62352 f358 18624
     64280 e34c 18625
     63096 bd9c 18626
     63268 e958 18627
     24496 b0ac 18630
     64288 fb28 18631
     58076 e794 18632
     63984 f28c 18633
     64424 fbf8 18634
     62604 e8d4 18635
     62544 eed0 18636
     63644 de28 18637
     60348 f930 18638
     62800 f8b0 18639
     62812 f23c 18640
     50692 b86c 18641
     55756 f3cc 18642
     64360 ebfc 18643
     60948 ee0c 18647
     46764 f3dc 18648
     61360 b97c 18670
     57820 eb00 18671
     63860 c4d0 18673
     63192 f1e8 18674
     58256 f7c4 18675
     50704 eb4c 18676
     62068 eea8 18677
     63324 d6cc 18678
     64320 ee4c 18682
     60204 ef18 18683
     59368 f3ac 18686
     64596 fc58 18687
     54444 fa04 18690
     64636 fc64 18691
     64736 fce8 18692
     58228 f2d4 18693
     63812 feec 18715
     64724 f674 18715
     56720 e698 18716
     64240 faec 18717
     65024 fee8 18731
     64572 fe28 18732
     64032 b11c 18745
     59292 dfdc 18746
     65388 c368 18751
Cleaned out 123 stale readers
received signal from system: SIGSEGV
Obtained 19 stack frames
0x00007ff730a8d1dd (Unity) StackWalker::GetCurrentCallstack
0x00007ff730a93d99 (Unity) StackWalker::ShowCallstack
0x00007ff731a2b913 (Unity) GetStacktrace
0x00007ff730a92dd6 (Unity) winutils::PrintStackTrace
0x00007ff730a8c80c (Unity) winutils::CrashHandler::DefaultSignalHandler
0x00007ff732e68b7e (Unity) seh_filter_exe
0x00007ff732f2a4d8 (Unity) `__scrt_common_main_seh'::`1'::filt$0
0x00007ff732e354b0 (Unity) _C_specific_handler
0x00007ffdebe923df (ntdll) _chkstk
0x00007ffdebe414a4 (ntdll) RtlRaiseException
0x00007ffdebe90f0e (ntdll) KiUserExceptionDispatcher
0x00007ff731db98e8 (Unity) SyncAssetFoldersWithDB
0x00007ff731da70e5 (Unity) InitializeAssetDatabaseV2
0x00007ff731d280b5 (Unity) AssetDatabase::InitializeAssetDatabase
0x00007ff7315cf13f (Unity) Application::InitializeProject
0x00007ff731a36078 (Unity) WinMain
0x00007ff732e12e1e (Unity) __scrt_common_main_seh
0x00007ffdeb8d7614 (KERNEL32) BaseThreadInitThunk
0x00007ffdebe426a1 (ntdll) RtlUserThreadStart

