Using pre-set license
Built from '2021.3/staging' branch; Version is '2021.3.21f1 (1b156197d683) revision 1774945'; Using compiler version '192829333'; Build Type 'Release'
OS: 'Windows 10  (10.0.19045) 64bit Core' Language: 'pt' Physical Memory: 8114 MB
BatchMode: 1, IsHumanControllingUs: 0, StartBugReporterOnCrash: 0, Is64bit: 1, IsPro: 1

COMMAND LINE ARGUMENTS:
C:\Program Files\Unity\Hub\Editor\2021.3.21f1\Editor\Unity.exe
-adb2
-batchMode
-noUpm
-name
AssetImportWorker492
-projectPath
C:/Users/diogo/Desktop/School/DJA/Project/Infected
-logFile
Logs/AssetImportWorker492.log
-srvPort
61492
Successfully changed project path to: C:/Users/diogo/Desktop/School/DJA/Project/Infected
C:/Users/diogo/Desktop/School/DJA/Project/Infected
[UnityMemory] Configuration Parameters - Can be set up in boot.config
    "memorysetup-bucket-allocator-granularity=16"
    "memorysetup-bucket-allocator-bucket-count=8"
    "memorysetup-bucket-allocator-block-size=33554432"
    "memorysetup-bucket-allocator-block-count=8"
    "memorysetup-main-allocator-block-size=16777216"
    "memorysetup-thread-allocator-block-size=16777216"
    "memorysetup-gfx-main-allocator-block-size=16777216"
    "memorysetup-gfx-thread-allocator-block-size=16777216"
    "memorysetup-cache-allocator-block-size=4194304"
    "memorysetup-typetree-allocator-block-size=2097152"
    "memorysetup-profiler-bucket-allocator-granularity=16"
    "memorysetup-profiler-bucket-allocator-bucket-count=8"
    "memorysetup-profiler-bucket-allocator-block-size=33554432"
    "memorysetup-profiler-bucket-allocator-block-count=8"
    "memorysetup-profiler-allocator-block-size=16777216"
    "memorysetup-profiler-editor-allocator-block-size=1048576"
    "memorysetup-temp-allocator-size-main=16777216"
    "memorysetup-job-temp-allocator-block-size=2097152"
    "memorysetup-job-temp-allocator-block-size-background=1048576"
    "memorysetup-job-temp-allocator-reduction-small-platforms=262144"
    "memorysetup-temp-allocator-size-background-worker=32768"
    "memorysetup-temp-allocator-size-job-worker=262144"
    "memorysetup-temp-allocator-size-preload-manager=33554432"
    "memorysetup-temp-allocator-size-nav-mesh-worker=65536"
    "memorysetup-temp-allocator-size-audio-worker=65536"
    "memorysetup-temp-allocator-size-cloud-worker=32768"
    "memorysetup-temp-allocator-size-gi-baking-worker=262144"
    "memorysetup-temp-allocator-size-gfx=262144"
Player connection [24212] Host "[IP] 192.168.1.70 [Port] 0 [Flags] 2 [Guid] 596609404 [EditorId] 596609404 [Version] 1048832 [Id] WindowsEditor(7,DESKTOP-KCRGQGH) [Debug] 1 [PackageName] WindowsEditor [ProjectName] Editor" joined multi-casting on [225.0.0.222:54997]...

Player connection [24212] Host "[IP] 192.168.1.70 [Port] 0 [Flags] 2 [Guid] 596609404 [EditorId] 596609404 [Version] 1048832 [Id] WindowsEditor(7,DESKTOP-KCRGQGH) [Debug] 1 [PackageName] WindowsEditor [ProjectName] Editor" joined alternative multi-casting on [225.0.0.222:34997]...

mdb reader table full -> cleaning up stale readers. Current readers:
    pid     thread     txnid
      9340 245c -
     15652 4510 16200
      9340 4270 -
     23740 48dc 16201
      9340 1974 -
     23800 5cdc 16202
     17896 5e34 16203
      2780 af8 16204
     20516 4c34 16205
     24304 5ca8 16206
     23320 3cc 16207
     24072 2e6c 16208
      4932 f10 16209
     12280 1f30 16210
     24244 3838 16211
      9636 5dd0 16212
     24220 21d8 16213
     23868 4af0 16214
     10140 4fd0 16215
     24048 15a8 16216
     14816 10f0 16217
     24128 5550 16218
      1940 3310 16219
     24544 4a68 16220
     24180 e80 16221
      9120 1f04 16222
     24268 2024 16223
     10440 34a0 16224
      7028 910 16225
      2052 5b94 16226
      8012 5394 16227
     24444 5d60 16228
     18232 2af4 16229
     23684 1bb8 16230
     14996 518c 16231
     23616 43e0 16232
     19528 3918 16233
     23980 10dc 16234
     24132 d1c 16235
     24064 438 16236
      1892 427c 16237
     20320 5f10 16238
     24424 6e4 16239
      7112 2a24 16240
      6448 1a88 16241
      8096 325c 16242
      2248 291c 16243
     21456 4044 16244
     22968 3b80 16245
     17664 5ed8 16246
     15284 5fe4 16247
     23248 4b4 16248
     22492 58b4 16249
      9176 2138 16250
      8128 5c14 16251
     22472 1574 16252
     24196 3be4 16253
     10940 5910 16254
     23260 5fb4 16255
     18544 5d30 16256
     24908 6150 16257
     25168 6254 16258
     25572 63e8 16259
     24848 6114 16260
     24224 5fdc 16262
     21652 3968 16263
     10132 5984 16264
     14708 4cc0 16265
     25012 61b8 16266
      5904 5c70 16267
     16932 63d0 16268
     24756 5e28 16269
     24784 5c88 16270
      1176 2b20 16271
     24208 6010 16272
     24972 619c 16273
     24676 5c18 16274
     11508 5630 16275
      9824 5dd4 16276
     16420 18d8 16277
     24996 6194 16278
     22740 62b0 16279
     24200 62a0 16280
     25192 6344 16281
     25276 6038 16282
     25448 6090 16283
     24796 17dc 16284
      3080 176c 16285
      4400 4c7c 16286
     23692 2d64 16287
      9716 5e18 16288
      5264 6048 16289
     24316 2ce0 16290
     25560 4848 16291
     24360 617c 16292
      5808 4a58 16293
     26312 66cc 16294
     26572 67d0 16295
     26304 66a8 16296
     26432 6744 16297
     25988 6040 16298
     23620 63c4 16299
     26044 6164 16300
     23924 efc 16301
      6660 8ac 16302
     24620 143c 16303
     24892 6214 16304
     24660 2840 16305
     24384 653c 16306
     24008 6360 16307
     26252 66ac 16308
     24968 2340 16309
     25376 6478 16310
     24964 530c 16311
     25732 5d38 16312
     22980 6718 16313
     24260 b58 16314
     24740 53c4 16315
     25520 66d0 16316
     25280 2dc8 16317
     16320 5ef4 16318
     26588 67d4 16319
     18132 6758 16320
      8088 63f0 16321
     25384 61d8 16322
     24904 67b8 16323
Cleaned out 123 stale readers
received signal from system: SIGSEGV
Obtained 19 stack frames
0x00007ff730a8d1dd (Unity) StackWalker::GetCurrentCallstack
0x00007ff730a93d99 (Unity) StackWalker::ShowCallstack
0x00007ff731a2b913 (Unity) GetStacktrace
0x00007ff730a92dd6 (Unity) winutils::PrintStackTrace
0x00007ff730a8c80c (Unity) winutils::CrashHandler::DefaultSignalHandler
0x00007ff732e68b7e (Unity) seh_filter_exe
0x00007ff732f2a4d8 (Unity) `__scrt_common_main_seh'::`1'::filt$0
0x00007ff732e354b0 (Unity) _C_specific_handler
0x00007ffdebe923df (ntdll) _chkstk
0x00007ffdebe414a4 (ntdll) RtlRaiseException
0x00007ffdebe90f0e (ntdll) KiUserExceptionDispatcher
0x00007ff731db98e8 (Unity) SyncAssetFoldersWithDB
0x00007ff731da70e5 (Unity) InitializeAssetDatabaseV2
0x00007ff731d280b5 (Unity) AssetDatabase::InitializeAssetDatabase
0x00007ff7315cf13f (Unity) Application::InitializeProject
0x00007ff731a36078 (Unity) WinMain
0x00007ff732e12e1e (Unity) __scrt_common_main_seh
0x00007ffdeb8d7614 (KERNEL32) BaseThreadInitThunk
0x00007ffdebe426a1 (ntdll) RtlUserThreadStart

