Using pre-set license
Built from '2021.3/staging' branch; Version is '2021.3.21f1 (1b156197d683) revision 1774945'; Using compiler version '192829333'; Build Type 'Release'
OS: 'Windows 10  (10.0.19045) 64bit Core' Language: 'pt' Physical Memory: 8114 MB
BatchMode: 1, IsHumanControllingUs: 0, StartBugReporterOnCrash: 0, Is64bit: 1, IsPro: 1

COMMAND LINE ARGUMENTS:
C:\Program Files\Unity\Hub\Editor\2021.3.21f1\Editor\Unity.exe
-adb2
-batchMode
-noUpm
-name
AssetImportWorker2209
-projectPath
C:/Users/diogo/Desktop/School/DJA/Project/Infected
-logFile
Logs/AssetImportWorker2209.log
-srvPort
57425
Successfully changed project path to: C:/Users/diogo/Desktop/School/DJA/Project/Infected
C:/Users/diogo/Desktop/School/DJA/Project/Infected
[UnityMemory] Configuration Parameters - Can be set up in boot.config
    "memorysetup-bucket-allocator-granularity=16"
    "memorysetup-bucket-allocator-bucket-count=8"
    "memorysetup-bucket-allocator-block-size=33554432"
    "memorysetup-bucket-allocator-block-count=8"
    "memorysetup-main-allocator-block-size=16777216"
    "memorysetup-thread-allocator-block-size=16777216"
    "memorysetup-gfx-main-allocator-block-size=16777216"
    "memorysetup-gfx-thread-allocator-block-size=16777216"
    "memorysetup-cache-allocator-block-size=4194304"
    "memorysetup-typetree-allocator-block-size=2097152"
    "memorysetup-profiler-bucket-allocator-granularity=16"
    "memorysetup-profiler-bucket-allocator-bucket-count=8"
    "memorysetup-profiler-bucket-allocator-block-size=33554432"
    "memorysetup-profiler-bucket-allocator-block-count=8"
    "memorysetup-profiler-allocator-block-size=16777216"
    "memorysetup-profiler-editor-allocator-block-size=1048576"
    "memorysetup-temp-allocator-size-main=16777216"
    "memorysetup-job-temp-allocator-block-size=2097152"
    "memorysetup-job-temp-allocator-block-size-background=1048576"
    "memorysetup-job-temp-allocator-reduction-small-platforms=262144"
    "memorysetup-temp-allocator-size-background-worker=32768"
    "memorysetup-temp-allocator-size-job-worker=262144"
    "memorysetup-temp-allocator-size-preload-manager=33554432"
    "memorysetup-temp-allocator-size-nav-mesh-worker=65536"
    "memorysetup-temp-allocator-size-audio-worker=65536"
    "memorysetup-temp-allocator-size-cloud-worker=32768"
    "memorysetup-temp-allocator-size-gi-baking-worker=262144"
    "memorysetup-temp-allocator-size-gfx=262144"
Player connection [72480] Host "[IP] 192.168.1.70 [Port] 0 [Flags] 2 [Guid] 2628670565 [EditorId] 2628670565 [Version] 1048832 [Id] WindowsEditor(7,DESKTOP-KCRGQGH) [Debug] 1 [PackageName] WindowsEditor [ProjectName] Editor" joined multi-casting on [225.0.0.222:54997]...

Player connection [72480] Host "[IP] 192.168.1.70 [Port] 0 [Flags] 2 [Guid] 2628670565 [EditorId] 2628670565 [Version] 1048832 [Id] WindowsEditor(7,DESKTOP-KCRGQGH) [Debug] 1 [PackageName] WindowsEditor [ProjectName] Editor" joined alternative multi-casting on [225.0.0.222:34997]...

mdb reader table full -> cleaning up stale readers. Current readers:
    pid     thread     txnid
      9968 2c28 -
     65052 fe20 14638
      9968 32b0 -
      9968 519c -
     63588 f0e8 14640
     54096 9c5c 14641
     65424 ff78 14642
     65240 fed0 14643
     64704 f158 14644
     65500 fd50 14645
     65520 ffec 14646
     60388 c38c 14647
     65276 fe58 14648
     64364 fbf8 14649
     65224 fcf8 14650
     61284 fa98 14651
     59660 fa38 14652
     64204 fd78 14653
     55756 bed0 14654
     63696 f2e4 14655
     53544 f9ac 14656
     65008 fd54 14657
     53020 f178 14658
     60720 f470 14659
     65004 fe88 14660
     64412 f770 14661
     61492 bff8 14662
     63592 f94c 14663
     61720 f39c 14664
     65336 f7a8 14665
     65776 1042c 14694
     55560 10734 14695
     66176 105cc 14697
     65108 10770 14698
     67736 1089c 14699
     67900 10940 14700
     64208 f3cc 14701
     67644 10bc0 14702
     68232 10b08 14703
     68228 10bc8 14704
     63496 dff4 14705
     68256 10be4 14706
     68520 fc58 14707
     68276 edc4 14708
     68540 fff4 14709
     68476 10488 14710
     66940 10a9c 14711
     68600 10528 14712
     65608 10378 14713
     68284 f9bc 14714
     64140 10510 14715
     67140 104a8 14716
     65248 1059c 14717
     64268 10b24 14718
     67112 10bac 14719
     65904 10054 14720
     69072 10dd4 14721
     69328 10ed4 14722
     69532 10fa0 14723
     67384 fb90 14724
     67296 1022c 14725
     56732 10f78 14726
     64968 10d2c 14727
     68892 10f20 14728
     63412 10fc8 14729
     68828 10a18 14730
     69112 10718 14731
     68660 10740 14732
     68824 10cc4 14733
     65736 10214 14734
     68048 18f0 14735
     63572 1012c 14736
     65044 10a10 14737
     69244 10470 14738
     68060 10514 14741
     67236 10e24 14742
     67132 10b98 14743
     64016 10c70 14744
     68800 10e1c 14745
     68880 f614 14746
     68680 1092c 14747
     69428 10d60 14748
     66932 10e38 14749
     66804 10ec8 14750
     65828 10008 14751
     69356 10ee4 14752
     56760 ed10 14753
     64632 10f90 14754
     68708 10bd4 14755
     63816 7d88 14756
     64484 10fcc 14757
     68224 10a04 14758
     62480 f920 14759
     66596 10fc4 14761
     68692 320c 14762
     68508 10084 14763
     70304 112a4 14764
     62416 f5c8 14765
     43832 10e08 14766
     63712 10618 14767
     70424 11314 14769
     70516 10950 14770
     70192 10a0c 14872
     69696 10298 14873
     70408 f944 14875
     67504 11214 14876
     68008 11120 14978
     61836 115dc 14979
     72364 11a5c 14984
     70768 110f8 14985
     66080 10fec 14986
     62752 11b04 14987
     69012 10d24 14988
     67764 11174 14991
     57044 115d8 14992
     66268 116cc 14993
     70700 11240 14995
     66668 4a9c 14996
     71300 106e8 14997
     71792 10fdc 14998
     71612 11740 14999
     63116 105bc 15000
     70348 10004 15002
     72380 1103c 15003
     70804 116a0 15005
     64080 7b18 14637
Cleaned out 123 stale readers
received signal from system: SIGSEGV
Obtained 19 stack frames
0x00007ff6b119d1dd (Unity) StackWalker::GetCurrentCallstack
0x00007ff6b11a3d99 (Unity) StackWalker::ShowCallstack
0x00007ff6b213b913 (Unity) GetStacktrace
0x00007ff6b11a2dd6 (Unity) winutils::PrintStackTrace
0x00007ff6b119c80c (Unity) winutils::CrashHandler::DefaultSignalHandler
0x00007ff6b3578b7e (Unity) seh_filter_exe
0x00007ff6b363a4d8 (Unity) `__scrt_common_main_seh'::`1'::filt$0
0x00007ff6b35454b0 (Unity) _C_specific_handler
0x00007ff913dd23df (ntdll) _chkstk
0x00007ff913d814a4 (ntdll) RtlRaiseException
0x00007ff913dd0f0e (ntdll) KiUserExceptionDispatcher
0x00007ff6b24c98e8 (Unity) SyncAssetFoldersWithDB
0x00007ff6b24b70e5 (Unity) InitializeAssetDatabaseV2
0x00007ff6b24380b5 (Unity) AssetDatabase::InitializeAssetDatabase
0x00007ff6b1cdf13f (Unity) Application::InitializeProject
0x00007ff6b2146078 (Unity) WinMain
0x00007ff6b3522e1e (Unity) __scrt_common_main_seh
0x00007ff913317614 (KERNEL32) BaseThreadInitThunk
0x00007ff913d826a1 (ntdll) RtlUserThreadStart

