Using pre-set license
Built from '2021.3/staging' branch; Version is '2021.3.21f1 (1b156197d683) revision 1774945'; Using compiler version '192829333'; Build Type 'Release'
OS: 'Windows 10  (10.0.19045) 64bit Core' Language: 'pt' Physical Memory: 8114 MB
BatchMode: 1, IsHumanControllingUs: 0, StartBugReporterOnCrash: 0, Is64bit: 1, IsPro: 1

COMMAND LINE ARGUMENTS:
C:\Program Files\Unity\Hub\Editor\2021.3.21f1\Editor\Unity.exe
-adb2
-batchMode
-noUpm
-name
AssetImportWorker1599
-projectPath
C:/Users/diogo/Desktop/School/DJA/Project/Infected
-logFile
Logs/AssetImportWorker1599.log
-srvPort
61492
Successfully changed project path to: C:/Users/diogo/Desktop/School/DJA/Project/Infected
C:/Users/diogo/Desktop/School/DJA/Project/Infected
[UnityMemory] Configuration Parameters - Can be set up in boot.config
    "memorysetup-bucket-allocator-granularity=16"
    "memorysetup-bucket-allocator-bucket-count=8"
    "memorysetup-bucket-allocator-block-size=33554432"
    "memorysetup-bucket-allocator-block-count=8"
    "memorysetup-main-allocator-block-size=16777216"
    "memorysetup-thread-allocator-block-size=16777216"
    "memorysetup-gfx-main-allocator-block-size=16777216"
    "memorysetup-gfx-thread-allocator-block-size=16777216"
    "memorysetup-cache-allocator-block-size=4194304"
    "memorysetup-typetree-allocator-block-size=2097152"
    "memorysetup-profiler-bucket-allocator-granularity=16"
    "memorysetup-profiler-bucket-allocator-bucket-count=8"
    "memorysetup-profiler-bucket-allocator-block-size=33554432"
    "memorysetup-profiler-bucket-allocator-block-count=8"
    "memorysetup-profiler-allocator-block-size=16777216"
    "memorysetup-profiler-editor-allocator-block-size=1048576"
    "memorysetup-temp-allocator-size-main=16777216"
    "memorysetup-job-temp-allocator-block-size=2097152"
    "memorysetup-job-temp-allocator-block-size-background=1048576"
    "memorysetup-job-temp-allocator-reduction-small-platforms=262144"
    "memorysetup-temp-allocator-size-background-worker=32768"
    "memorysetup-temp-allocator-size-job-worker=262144"
    "memorysetup-temp-allocator-size-preload-manager=33554432"
    "memorysetup-temp-allocator-size-nav-mesh-worker=65536"
    "memorysetup-temp-allocator-size-audio-worker=65536"
    "memorysetup-temp-allocator-size-cloud-worker=32768"
    "memorysetup-temp-allocator-size-gi-baking-worker=262144"
    "memorysetup-temp-allocator-size-gfx=262144"
Player connection [44084] Host "[IP] 192.168.1.70 [Port] 0 [Flags] 2 [Guid] 720671660 [EditorId] 720671660 [Version] 1048832 [Id] WindowsEditor(7,DESKTOP-KCRGQGH) [Debug] 1 [PackageName] WindowsEditor [ProjectName] Editor" joined multi-casting on [225.0.0.222:54997]...

Player connection [44084] Host "[IP] 192.168.1.70 [Port] 0 [Flags] 2 [Guid] 720671660 [EditorId] 720671660 [Version] 1048832 [Id] WindowsEditor(7,DESKTOP-KCRGQGH) [Debug] 1 [PackageName] WindowsEditor [ProjectName] Editor" joined alternative multi-casting on [225.0.0.222:34997]...

mdb reader table full -> cleaning up stale readers. Current readers:
    pid     thread     txnid
      9340 245c -
     39032 a120 17311
      9340 4270 -
     41256 a780 17312
      9340 1974 -
     26120 a2ec 17313
     41848 a078 17314
     42484 a73c 17315
     40872 9134 17316
     41264 a108 17317
     35012 a49c 17318
     40644 88a8 17319
     42968 a7dc 17320
     41676 94c8 17321
     42596 8b4c 17322
     24252 7ad4 17323
     31248 a4b4 17324
     40212 6698 17325
     28696 982c 17326
     42816 64cc 17327
     38576 a770 17328
     42944 a784 17329
     38228 a458 17330
     39740 943c 17331
     42088 a6ac 17332
     40360 a4b8 17333
      3132 a7f4 17334
     42588 9f08 17335
     42192 6fbc 17336
     40868 8a14 17337
     41412 a6d8 17338
     42604 a6f8 17339
     31300 4f50 17340
     42216 a1f4 17341
     30088 a5fc 17342
      4124 a4c8 17343
     38664 a034 17344
     42672 a584 17345
     42280 96c4 17346
     42040 a4a4 17347
     41140 7164 17348
     42580 7bf4 17349
     42448 9df4 17350
     38668 9f00 17351
     39076 a774 17352
      3232 a068 17353
     41740 a7ec 17354
     41828 a5b4 17355
     38892 9d48 17356
     33860 a124 17357
     42136 a414 17358
     42144 9e08 17359
     41652 a71c 17360
     42000 9450 17361
     38968 8f10 17362
     41588 9c14 17363
     42704 9b6c 17364
     36608 a210 17365
     13040 a708 17366
     42220 940c 17367
     41916 6ff0 17368
     42940 83c4 17369
     43020 a810 17370
     43592 aa4c 17371
     43860 ab58 17372
     43140 a888 17373
     25892 6124 17374
     43648 aa78 17375
     40852 9d8c 17376
     36520 8de4 17377
     43704 aa9c 17378
     43932 aba0 17379
     42800 9f18 17380
     43736 aadc 17381
     42096 a594 17382
     42664 ab78 17383
     43204 aad4 17384
     42696 aa1c 17385
     40892 aabc 17386
     39588 a820 17387
     43320 aa90 17388
     43764 abf0 17389
     43328 6560 17390
     39136 a8cc 17391
     40948 a858 17392
     40880 73b8 17393
     41944 a9e0 17394
     31780 a68c 17395
     43832 a8c8 17396
     39248 5a98 17397
     25996 9cbc 17398
     43828 a6bc 17399
     42264 aaa0 17400
     43976 aaf8 17401
     38364 ab80 17402
     41104 a178 17403
     44072 ac2c 17404
     44580 ae28 17405
     44864 af44 17406
     43264 6510 17407
     42948 a640 17408
     43524 a980 17409
     44624 ae4c 17410
     44044 ac10 17411
     44352 ac74 17412
     44020 9f5c 17413
     29224 ae80 17414
     44904 3df8 17415
     44040 abc0 17416
     15760 a5e0 17417
     43876 981c 17418
     42952 ab2c 17419
     42380 ad54 17420
     44516 95fc 17421
     43456 acc4 17422
     36140 ab04 17423
     43184 a86c 17424
     42160 6664 17425
     38424 abe8 17426
     40768 8b00 17427
     44856 2be0 17428
     43352 a5a4 17429
     42460 aa2c 17430
     43756 a03c 17431
     43956 9f54 17432
     40216 a0e4 17433
Cleaned out 123 stale readers
received signal from system: SIGSEGV
Obtained 19 stack frames
0x00007ff730a8d1dd (Unity) StackWalker::GetCurrentCallstack
0x00007ff730a93d99 (Unity) StackWalker::ShowCallstack
0x00007ff731a2b913 (Unity) GetStacktrace
0x00007ff730a92dd6 (Unity) winutils::PrintStackTrace
0x00007ff730a8c80c (Unity) winutils::CrashHandler::DefaultSignalHandler
0x00007ff732e68b7e (Unity) seh_filter_exe
0x00007ff732f2a4d8 (Unity) `__scrt_common_main_seh'::`1'::filt$0
0x00007ff732e354b0 (Unity) _C_specific_handler
0x00007ffdebe923df (ntdll) _chkstk
0x00007ffdebe414a4 (ntdll) RtlRaiseException
0x00007ffdebe90f0e (ntdll) KiUserExceptionDispatcher
0x00007ff731db98e8 (Unity) SyncAssetFoldersWithDB
0x00007ff731da70e5 (Unity) InitializeAssetDatabaseV2
0x00007ff731d280b5 (Unity) AssetDatabase::InitializeAssetDatabase
0x00007ff7315cf13f (Unity) Application::InitializeProject
0x00007ff731a36078 (Unity) WinMain
0x00007ff732e12e1e (Unity) __scrt_common_main_seh
0x00007ffdeb8d7614 (KERNEL32) BaseThreadInitThunk
0x00007ffdebe426a1 (ntdll) RtlUserThreadStart

