Using pre-set license
Built from '2021.3/staging' branch; Version is '2021.3.21f1 (1b156197d683) revision 1774945'; Using compiler version '192829333'; Build Type 'Release'
OS: 'Windows 10  (10.0.19045) 64bit Core' Language: 'pt' Physical Memory: 8114 MB
BatchMode: 1, IsHumanControllingUs: 0, StartBugReporterOnCrash: 0, Is64bit: 1, IsPro: 1

COMMAND LINE ARGUMENTS:
C:\Program Files\Unity\Hub\Editor\2021.3.21f1\Editor\Unity.exe
-adb2
-batchMode
-noUpm
-name
AssetImportWorker1353
-projectPath
C:/Users/diogo/Desktop/School/DJA/Project/Infected
-logFile
Logs/AssetImportWorker1353.log
-srvPort
61492
Successfully changed project path to: C:/Users/diogo/Desktop/School/DJA/Project/Infected
C:/Users/diogo/Desktop/School/DJA/Project/Infected
[UnityMemory] Configuration Parameters - Can be set up in boot.config
    "memorysetup-bucket-allocator-granularity=16"
    "memorysetup-bucket-allocator-bucket-count=8"
    "memorysetup-bucket-allocator-block-size=33554432"
    "memorysetup-bucket-allocator-block-count=8"
    "memorysetup-main-allocator-block-size=16777216"
    "memorysetup-thread-allocator-block-size=16777216"
    "memorysetup-gfx-main-allocator-block-size=16777216"
    "memorysetup-gfx-thread-allocator-block-size=16777216"
    "memorysetup-cache-allocator-block-size=4194304"
    "memorysetup-typetree-allocator-block-size=2097152"
    "memorysetup-profiler-bucket-allocator-granularity=16"
    "memorysetup-profiler-bucket-allocator-bucket-count=8"
    "memorysetup-profiler-bucket-allocator-block-size=33554432"
    "memorysetup-profiler-bucket-allocator-block-count=8"
    "memorysetup-profiler-allocator-block-size=16777216"
    "memorysetup-profiler-editor-allocator-block-size=1048576"
    "memorysetup-temp-allocator-size-main=16777216"
    "memorysetup-job-temp-allocator-block-size=2097152"
    "memorysetup-job-temp-allocator-block-size-background=1048576"
    "memorysetup-job-temp-allocator-reduction-small-platforms=262144"
    "memorysetup-temp-allocator-size-background-worker=32768"
    "memorysetup-temp-allocator-size-job-worker=262144"
    "memorysetup-temp-allocator-size-preload-manager=33554432"
    "memorysetup-temp-allocator-size-nav-mesh-worker=65536"
    "memorysetup-temp-allocator-size-audio-worker=65536"
    "memorysetup-temp-allocator-size-cloud-worker=32768"
    "memorysetup-temp-allocator-size-gi-baking-worker=262144"
    "memorysetup-temp-allocator-size-gfx=262144"
Player connection [39284] Host "[IP] 192.168.1.70 [Port] 0 [Flags] 2 [Guid] 252936818 [EditorId] 252936818 [Version] 1048832 [Id] WindowsEditor(7,DESKTOP-KCRGQGH) [Debug] 1 [PackageName] WindowsEditor [ProjectName] Editor" joined multi-casting on [225.0.0.222:54997]...

Player connection [39284] Host "[IP] 192.168.1.70 [Port] 0 [Flags] 2 [Guid] 252936818 [EditorId] 252936818 [Version] 1048832 [Id] WindowsEditor(7,DESKTOP-KCRGQGH) [Debug] 1 [PackageName] WindowsEditor [ProjectName] Editor" joined alternative multi-casting on [225.0.0.222:34997]...

mdb reader table full -> cleaning up stale readers. Current readers:
    pid     thread     txnid
      9340 245c -
     35460 9664 17065
      9340 4270 -
     38064 8c2c 17066
      9340 1974 -
     38692 8f98 17067
     37080 8cfc 17068
     37980 9778 17069
     33460 8748 17070
     38056 4af4 17071
     35472 9098 17072
     38100 9124 17073
     38244 8ce8 17074
     36396 9004 17075
     34128 9660 17076
     32380 76d4 17077
     31704 677c 17078
     37916 7a3c 17079
     33452 9474 17080
     38312 97b8 17081
     38036 8cd4 17082
     38712 9414 17083
     34488 8c10 17084
     36356 97d4 17085
     33332 9798 17086
     36004 880c 17087
     37744 8d04 17088
     38876 8358 17089
     27436 8248 17090
     37748 863c 17091
     37668 933c 17092
     37184 974c 17093
     34536 95c0 17094
     38784 97d8 17095
     36680 96ac 17096
     38700 810c 17097
     29464 9278 17098
     34640 9754 17099
     36736 90cc 17100
     38644 8714 17101
     38688 97e4 17102
     37064 8668 17103
     36492 960c 17104
     37760 8d70 17105
     35200 8960 17106
     34604 9580 17107
     38300 24ec 17108
     37180 6b84 17109
     39096 98bc 17110
     39708 9b20 17111
     38924 9810 17112
     37324 7068 17113
     39864 9b4c 17114
     35524 8cf4 17115
     29536 9aec 17116
     39128 9904 17117
     39500 95c4 17118
     39784 9b70 17119
     37824 944c 17120
     27488 8f90 17121
     36896 8e74 17122
     39856 9bac 17123
     28216 98ac 17124
     39384 9890 17125
     39212 94d8 17126
     38324 93c8 17127
     37984 89a0 17128
     37904 8f74 17129
     33536 9b9c 17130
     38780 96e8 17131
     39468 8e34 17132
     36124 9420 17133
     38236 95a0 17134
     38320 9af8 17135
     38620 9078 17136
     39220 9060 17137
     38540 990c 17138
     29716 9bdc 17139
     32576 9b0c 17140
     37448 94d0 17141
     38988 9860 17142
     39356 9560 17143
     38144 98fc 17144
     32264 8134 17145
     39416 5734 17146
     39592 9514 17147
     37372 9858 17148
     32712 98e8 17149
     35188 7e70 17150
     38376 9804 17151
     38232 975c 17152
     37928 994c 17153
     38964 932c 17154
     39352 9bb4 17155
     39664 971c 17156
     39700 98f8 17157
     29916 8af0 17158
     31924 8584 17159
     39456 7eb8 17160
     36684 92ec 17161
     35260 8b94 17162
     39132 78d8 17163
     39252 9148 17164
     39924 997c 17165
     39880 8b9c 17166
     40204 9d10 17167
     40492 9e30 17168
     38984 874c 17169
     39580 9924 17170
     39980 9c24 17171
     39108 9c30 17172
     40452 9da4 17173
     40940 9ff0 17174
     39480 9a08 17175
     40592 9f48 17176
     40608 987c 17177
     36672 96b8 17178
     40864 90a0 17179
     36032 8d5c 17180
     39744 9aa0 17181
     38428 9b18 17182
     38436 8f34 17183
     35240 9c34 17184
     40760 986c 17185
     37028 983c 17186
     40668 7370 17187
Cleaned out 123 stale readers
received signal from system: SIGSEGV
Obtained 19 stack frames
0x00007ff730a8d1dd (Unity) StackWalker::GetCurrentCallstack
0x00007ff730a93d99 (Unity) StackWalker::ShowCallstack
0x00007ff731a2b913 (Unity) GetStacktrace
0x00007ff730a92dd6 (Unity) winutils::PrintStackTrace
0x00007ff730a8c80c (Unity) winutils::CrashHandler::DefaultSignalHandler
0x00007ff732e68b7e (Unity) seh_filter_exe
0x00007ff732f2a4d8 (Unity) `__scrt_common_main_seh'::`1'::filt$0
0x00007ff732e354b0 (Unity) _C_specific_handler
0x00007ffdebe923df (ntdll) _chkstk
0x00007ffdebe414a4 (ntdll) RtlRaiseException
0x00007ffdebe90f0e (ntdll) KiUserExceptionDispatcher
0x00007ff731db98e8 (Unity) SyncAssetFoldersWithDB
0x00007ff731da70e5 (Unity) InitializeAssetDatabaseV2
0x00007ff731d280b5 (Unity) AssetDatabase::InitializeAssetDatabase
0x00007ff7315cf13f (Unity) Application::InitializeProject
0x00007ff731a36078 (Unity) WinMain
0x00007ff732e12e1e (Unity) __scrt_common_main_seh
0x00007ffdeb8d7614 (KERNEL32) BaseThreadInitThunk
0x00007ffdebe426a1 (ntdll) RtlUserThreadStart

