Using pre-set license
Built from '2021.3/staging' branch; Version is '2021.3.21f1 (1b156197d683) revision 1774945'; Using compiler version '192829333'; Build Type 'Release'
OS: 'Windows 10  (10.0.19045) 64bit Core' Language: 'pt' Physical Memory: 7883 MB
BatchMode: 1, IsHumanControllingUs: 0, StartBugReporterOnCrash: 0, Is64bit: 1, IsPro: 1

COMMAND LINE ARGUMENTS:
C:\Program Files\Unity\Hub\Editor\2021.3.21f1\Editor\Unity.exe
-adb2
-batchMode
-noUpm
-name
AssetImportWorker244
-projectPath
C:/Users/ASUS/Documents/GitHub/Infected
-logFile
Logs/AssetImportWorker244.log
-srvPort
58829
Successfully changed project path to: C:/Users/ASUS/Documents/GitHub/Infected
C:/Users/ASUS/Documents/GitHub/Infected
[UnityMemory] Configuration Parameters - Can be set up in boot.config
    "memorysetup-bucket-allocator-granularity=16"
    "memorysetup-bucket-allocator-bucket-count=8"
    "memorysetup-bucket-allocator-block-size=33554432"
    "memorysetup-bucket-allocator-block-count=8"
    "memorysetup-main-allocator-block-size=16777216"
    "memorysetup-thread-allocator-block-size=16777216"
    "memorysetup-gfx-main-allocator-block-size=16777216"
    "memorysetup-gfx-thread-allocator-block-size=16777216"
    "memorysetup-cache-allocator-block-size=4194304"
    "memorysetup-typetree-allocator-block-size=2097152"
    "memorysetup-profiler-bucket-allocator-granularity=16"
    "memorysetup-profiler-bucket-allocator-bucket-count=8"
    "memorysetup-profiler-bucket-allocator-block-size=33554432"
    "memorysetup-profiler-bucket-allocator-block-count=8"
    "memorysetup-profiler-allocator-block-size=16777216"
    "memorysetup-profiler-editor-allocator-block-size=1048576"
    "memorysetup-temp-allocator-size-main=16777216"
    "memorysetup-job-temp-allocator-block-size=2097152"
    "memorysetup-job-temp-allocator-block-size-background=1048576"
    "memorysetup-job-temp-allocator-reduction-small-platforms=262144"
    "memorysetup-temp-allocator-size-background-worker=32768"
    "memorysetup-temp-allocator-size-job-worker=262144"
    "memorysetup-temp-allocator-size-preload-manager=33554432"
    "memorysetup-temp-allocator-size-nav-mesh-worker=65536"
    "memorysetup-temp-allocator-size-audio-worker=65536"
    "memorysetup-temp-allocator-size-cloud-worker=32768"
    "memorysetup-temp-allocator-size-gi-baking-worker=262144"
    "memorysetup-temp-allocator-size-gfx=262144"
Player connection [24984] Host "[IP] 192.168.1.80 [Port] 0 [Flags] 2 [Guid] 2224558383 [EditorId] 2224558383 [Version] 1048832 [Id] WindowsEditor(7,LAPTOP-0BTTP3I5) [Debug] 1 [PackageName] WindowsEditor [ProjectName] Editor" joined multi-casting on [225.0.0.222:54997]...

Player connection [24984] Host "[IP] 192.168.1.80 [Port] 0 [Flags] 2 [Guid] 2224558383 [EditorId] 2224558383 [Version] 1048832 [Id] WindowsEditor(7,LAPTOP-0BTTP3I5) [Debug] 1 [PackageName] WindowsEditor [ProjectName] Editor" joined alternative multi-casting on [225.0.0.222:34997]...

mdb reader table full -> cleaning up stale readers. Current readers:
    pid     thread     txnid
      7028 36ac -
     21864 5700 22306
      7028 9c8 -
      7028 1064 -
     23304 594c 22307
      8136 51c4 22308
     21740 567c 22309
     21760 5430 22310
      7520 4154 22311
     24136 57b4 22312
     18032 5cb8 22313
     23284 26c4 22314
     22172 5770 22315
     23964 5d80 22316
     23348 56c0 22317
      8916 5cac 22318
     24328 59fc 22319
      7316 5c88 22320
        32 53a0 22321
      7816 1d34 22328
     21744 4d18 22329
     20604 5938 22330
     19060 5cd8 22332
     18876 5868 22333
      8696 563c 22334
     24152 5c2c 22335
     17052 41ec 22336
      3944 508c 22337
     23352 5840 22338
     22848 2860 22339
     17020 5298 22340
     22820 31d4 22341
     22188 5de8 22342
      8532 5a10 22343
     21780 59b0 22344
     24216 4878 22345
      6948 5da0 22346
     22044 5d44 22347
     18408 58c0 22348
     21728 1cb0 22349
      7104 3ebc 22350
     22596 58d0 22351
     23224 3c40 22352
      5308 4290 22353
     23744 5f04 22354
     13212 5a98 22355
     21872 5a8c 22356
     18968 59a0 22357
     16616 5c20 22358
     22952 920 22359
     17948 18f4 22360
     23420 10a0 22361
     20692 5ca8 22362
     23472 55dc 22363
      9984 59e4 22364
     20660 5948 22365
     18036 5c68 22366
     22124 5838 22367
     21548 2808 22368
      2184 5bfc 22370
     23228 55a8 22371
      8568 5b4c 22372
     15856 3efc 22373
     22032 4798 22374
     22772 5a4c 22375
     15076 5bf0 22376
     22108 5794 22377
     20848 5864 22378
     24308 4e50 22379
     23564 5c40 22380
     12076 3b50 22383
     18176 5638 22394
     21640 5b54 22395
     21188 40d4 22396
     21600 5414 22397
      5928 4348 22398
     21920 5c9c 22399
     22176 20cc 22400
     14292 5a7c 22401
      6560 5db8 22402
     22684 234c 22403
     22776 5448 22404
      2248 115c 22405
     21124 55e4 22411
     23100 51ac 22412
     24028 2fd0 22417
     20924 54f4 22418
     23568 5468 22423
     22380 5c04 22424
     23156 5e94 22433
     23772 51b8 22434
     20640 54b4 22439
     16376 e54 22440
     21964 55c0 22445
     19064 18b4 22446
     22604 5ccc 22447
     24280 5fbc 22448
     22444 54b8 22449
     24360 5a90 22450
     22000 5b3c 22451
     24720 6094 22452
     25372 6320 22454
     21616 72c 22455
     24552 61c4 22465
      7028 62e4 -
     24892 6158 22466
     24780 5510 22490
     24656 5d14 22491
     24064 5df4 22492
     24604 f18 22493
     13484 6120 22494
     14124 6368 22495
     25544 5680 22496
     22740 4cdc 22497
     22132 51c8 22500
     22396 474 22501
     23212 6064 22502
     25128 5660 22503
     24916 c3c 22504
     25148 554c 22505
     24680 5d30 22506
      6884 5bc4 22507
     23320 60a4 22508
     22484 438 22509
     25568 3338 22510
     24376 60c4 22511
Cleaned out 122 stale readers
received signal from system: SIGSEGV
Obtained 19 stack frames
0x00007ff63aabd1dd (Unity) StackWalker::GetCurrentCallstack
0x00007ff63aac3d99 (Unity) StackWalker::ShowCallstack
0x00007ff63ba5b913 (Unity) GetStacktrace
0x00007ff63aac2dd6 (Unity) winutils::PrintStackTrace
0x00007ff63aabc80c (Unity) winutils::CrashHandler::DefaultSignalHandler
0x00007ff63ce98b7e (Unity) seh_filter_exe
0x00007ff63cf5a4d8 (Unity) `__scrt_common_main_seh'::`1'::filt$0
0x00007ff63ce654b0 (Unity) _C_specific_handler
0x00007ffcc35123df (ntdll) _chkstk
0x00007ffcc34c14a4 (ntdll) RtlRaiseException
0x00007ffcc3510f0e (ntdll) KiUserExceptionDispatcher
0x00007ff63bde98e8 (Unity) SyncAssetFoldersWithDB
0x00007ff63bdd70e5 (Unity) InitializeAssetDatabaseV2
0x00007ff63bd580b5 (Unity) AssetDatabase::InitializeAssetDatabase
0x00007ff63b5ff13f (Unity) Application::InitializeProject
0x00007ff63ba66078 (Unity) WinMain
0x00007ff63ce42e1e (Unity) __scrt_common_main_seh
0x00007ffcc1d07614 (KERNEL32) BaseThreadInitThunk
0x00007ffcc34c26a1 (ntdll) RtlUserThreadStart

