Using pre-set license
Built from '2021.3/staging' branch; Version is '2021.3.21f1 (1b156197d683) revision 1774945'; Using compiler version '192829333'; Build Type 'Release'
OS: 'Windows 10  (10.0.19045) 64bit Core' Language: 'pt' Physical Memory: 8114 MB
BatchMode: 1, IsHumanControllingUs: 0, StartBugReporterOnCrash: 0, Is64bit: 1, IsPro: 1

COMMAND LINE ARGUMENTS:
C:\Program Files\Unity\Hub\Editor\2021.3.21f1\Editor\Unity.exe
-adb2
-batchMode
-noUpm
-name
AssetImportWorker1722
-projectPath
C:/Users/diogo/Desktop/School/DJA/Project/Infected
-logFile
Logs/AssetImportWorker1722.log
-srvPort
61492
Successfully changed project path to: C:/Users/diogo/Desktop/School/DJA/Project/Infected
C:/Users/diogo/Desktop/School/DJA/Project/Infected
[UnityMemory] Configuration Parameters - Can be set up in boot.config
    "memorysetup-bucket-allocator-granularity=16"
    "memorysetup-bucket-allocator-bucket-count=8"
    "memorysetup-bucket-allocator-block-size=33554432"
    "memorysetup-bucket-allocator-block-count=8"
    "memorysetup-main-allocator-block-size=16777216"
    "memorysetup-thread-allocator-block-size=16777216"
    "memorysetup-gfx-main-allocator-block-size=16777216"
    "memorysetup-gfx-thread-allocator-block-size=16777216"
    "memorysetup-cache-allocator-block-size=4194304"
    "memorysetup-typetree-allocator-block-size=2097152"
    "memorysetup-profiler-bucket-allocator-granularity=16"
    "memorysetup-profiler-bucket-allocator-bucket-count=8"
    "memorysetup-profiler-bucket-allocator-block-size=33554432"
    "memorysetup-profiler-bucket-allocator-block-count=8"
    "memorysetup-profiler-allocator-block-size=16777216"
    "memorysetup-profiler-editor-allocator-block-size=1048576"
    "memorysetup-temp-allocator-size-main=16777216"
    "memorysetup-job-temp-allocator-block-size=2097152"
    "memorysetup-job-temp-allocator-block-size-background=1048576"
    "memorysetup-job-temp-allocator-reduction-small-platforms=262144"
    "memorysetup-temp-allocator-size-background-worker=32768"
    "memorysetup-temp-allocator-size-job-worker=262144"
    "memorysetup-temp-allocator-size-preload-manager=33554432"
    "memorysetup-temp-allocator-size-nav-mesh-worker=65536"
    "memorysetup-temp-allocator-size-audio-worker=65536"
    "memorysetup-temp-allocator-size-cloud-worker=32768"
    "memorysetup-temp-allocator-size-gi-baking-worker=262144"
    "memorysetup-temp-allocator-size-gfx=262144"
Player connection [43176] Host "[IP] 192.168.1.70 [Port] 0 [Flags] 2 [Guid] 436091875 [EditorId] 436091875 [Version] 1048832 [Id] WindowsEditor(7,DESKTOP-KCRGQGH) [Debug] 1 [PackageName] WindowsEditor [ProjectName] Editor" joined multi-casting on [225.0.0.222:54997]...

Player connection [43176] Host "[IP] 192.168.1.70 [Port] 0 [Flags] 2 [Guid] 436091875 [EditorId] 436091875 [Version] 1048832 [Id] WindowsEditor(7,DESKTOP-KCRGQGH) [Debug] 1 [PackageName] WindowsEditor [ProjectName] Editor" joined alternative multi-casting on [225.0.0.222:34997]...

mdb reader table full -> cleaning up stale readers. Current readers:
    pid     thread     txnid
      9340 245c -
     42756 ac34 17434
      9340 4270 -
     42044 a88c 17435
      9340 1974 -
     42024 a63c 17436
     44400 ab5c 17437
     43076 ad08 17438
     43324 a7ac 17439
     44304 ad5c 17440
     44336 ad18 17441
     44244 9aac 17442
     44528 aff0 17443
     33268 a350 17444
     39796 afe4 17445
     44476 a09c 17446
     44160 af7c 17447
     43380 aea4 17448
     43848 abd8 17449
     39612 a4f8 17450
     42656 aeb4 17451
     42356 adc8 17452
     43784 9da0 17453
     43572 a760 17454
     43628 a5b8 17455
     43800 aefc 17456
     44676 a788 17457
     43776 af3c 17458
     41668 a984 17459
     45124 b048 17460
     40824 a64c 17461
     41268 abdc 17462
     29764 714c 17463
     45092 b01c 17464
     45752 ad80 17465
     26568 9b28 17466
     45392 b0fc 17467
     44816 a718 17468
     45804 b2e4 17469
     46036 a804 17470
     42048 aaa4 17471
     44960 7730 17472
     44808 aec8 17473
     45916 b360 17474
     44176 acc8 17475
     43348 9958 17476
     42300 a430 17477
     44388 1b8c 17478
     43436 9fc4 17479
     27820 a69c 17480
     41304 b03c 17481
     42068 b3ec 17482
     41832 b2dc 17483
     45004 a7a4 17484
     45540 af00 17485
     43192 a4e0 17486
     44544 abec 17487
     45384 a5d4 17488
     42224 b1b4 17489
     29540 ad00 17490
     45632 b328 17491
     44136 af74 17492
     45560 2480 17493
     43368 aaac 17494
     42360 ac50 17495
     43748 b0dc 17496
     45992 a358 17497
     45856 b218 17498
     45420 8188 17499
     41600 9808 17500
     44928 a0a4 17501
     42824 ad78 17502
     41200 a634 17503
      7816 ae68 17504
     43448 b0a4 17505
     45544 b2f8 17506
     45980 b130 17507
     41296 ab6c 17508
     45316 b1ac 17509
     43588 a544 17510
     45244 af9c 17511
     43028 a874 17512
     24828 649c 17513
     44972 a794 17514
     43428 ab7c 17515
     45940 b308 17516
     46056 a6e4 17517
     45984 a208 17518
     45848 b064 17519
     45252 ae60 17520
     34532 a8d4 17521
     45336 b014 17522
     29240 9a98 17523
     44520 a38c 17524
     43608 b170 17525
     42504 b10c 17526
     44636 7200 17527
     40020 657c 17528
      8744 a5a0 17529
     45536 9f14 17530
     34952 a690 17531
     43652 b2bc 17532
     44788 a118 17533
     41092 b0e0 17534
     41316 ad48 17535
     43872 94f0 17536
     43236 ab3c 17537
     45064 a808 17538
     44696 c30 17539
     44532 a0b8 17540
     40260 a924 17541
     28720 ad94 17542
     35992 ade0 17543
     44024 ad04 17544
     38328 ac20 17545
     45512 afc8 17546
     43924 b350 17547
     30104 a15c 17548
     42180 8440 17549
     45080 a8a4 17550
     44996 b1b0 17551
     45132 aa3c 17552
     44456 a588 17553
     45900 b26c 17554
     45580 a8d8 17555
     44144 ad50 17556
Cleaned out 123 stale readers
received signal from system: SIGSEGV
Obtained 19 stack frames
0x00007ff730a8d1dd (Unity) StackWalker::GetCurrentCallstack
0x00007ff730a93d99 (Unity) StackWalker::ShowCallstack
0x00007ff731a2b913 (Unity) GetStacktrace
0x00007ff730a92dd6 (Unity) winutils::PrintStackTrace
0x00007ff730a8c80c (Unity) winutils::CrashHandler::DefaultSignalHandler
0x00007ff732e68b7e (Unity) seh_filter_exe
0x00007ff732f2a4d8 (Unity) `__scrt_common_main_seh'::`1'::filt$0
0x00007ff732e354b0 (Unity) _C_specific_handler
0x00007ffdebe923df (ntdll) _chkstk
0x00007ffdebe414a4 (ntdll) RtlRaiseException
0x00007ffdebe90f0e (ntdll) KiUserExceptionDispatcher
0x00007ff731db98e8 (Unity) SyncAssetFoldersWithDB
0x00007ff731da70e5 (Unity) InitializeAssetDatabaseV2
0x00007ff731d280b5 (Unity) AssetDatabase::InitializeAssetDatabase
0x00007ff7315cf13f (Unity) Application::InitializeProject
0x00007ff731a36078 (Unity) WinMain
0x00007ff732e12e1e (Unity) __scrt_common_main_seh
0x00007ffdeb8d7614 (KERNEL32) BaseThreadInitThunk
0x00007ffdebe426a1 (ntdll) RtlUserThreadStart

