Using pre-set license
Built from '2021.3/staging' branch; Version is '2021.3.21f1 (1b156197d683) revision 1774945'; Using compiler version '192829333'; Build Type 'Release'
OS: 'Windows 10  (10.0.19045) 64bit Core' Language: 'pt' Physical Memory: 8114 MB
BatchMode: 1, IsHumanControllingUs: 0, StartBugReporterOnCrash: 0, Is64bit: 1, IsPro: 1

COMMAND LINE ARGUMENTS:
C:\Program Files\Unity\Hub\Editor\2021.3.21f1\Editor\Unity.exe
-adb2
-batchMode
-noUpm
-name
AssetImportWorker245
-projectPath
C:/Users/diogo/Desktop/School/DJA/Project/Infected
-logFile
Logs/AssetImportWorker245.log
-srvPort
57425
Successfully changed project path to: C:/Users/diogo/Desktop/School/DJA/Project/Infected
C:/Users/diogo/Desktop/School/DJA/Project/Infected
[UnityMemory] Configuration Parameters - Can be set up in boot.config
    "memorysetup-bucket-allocator-granularity=16"
    "memorysetup-bucket-allocator-bucket-count=8"
    "memorysetup-bucket-allocator-block-size=33554432"
    "memorysetup-bucket-allocator-block-count=8"
    "memorysetup-main-allocator-block-size=16777216"
    "memorysetup-thread-allocator-block-size=16777216"
    "memorysetup-gfx-main-allocator-block-size=16777216"
    "memorysetup-gfx-thread-allocator-block-size=16777216"
    "memorysetup-cache-allocator-block-size=4194304"
    "memorysetup-typetree-allocator-block-size=2097152"
    "memorysetup-profiler-bucket-allocator-granularity=16"
    "memorysetup-profiler-bucket-allocator-bucket-count=8"
    "memorysetup-profiler-bucket-allocator-block-size=33554432"
    "memorysetup-profiler-bucket-allocator-block-count=8"
    "memorysetup-profiler-allocator-block-size=16777216"
    "memorysetup-profiler-editor-allocator-block-size=1048576"
    "memorysetup-temp-allocator-size-main=16777216"
    "memorysetup-job-temp-allocator-block-size=2097152"
    "memorysetup-job-temp-allocator-block-size-background=1048576"
    "memorysetup-job-temp-allocator-reduction-small-platforms=262144"
    "memorysetup-temp-allocator-size-background-worker=32768"
    "memorysetup-temp-allocator-size-job-worker=262144"
    "memorysetup-temp-allocator-size-preload-manager=33554432"
    "memorysetup-temp-allocator-size-nav-mesh-worker=65536"
    "memorysetup-temp-allocator-size-audio-worker=65536"
    "memorysetup-temp-allocator-size-cloud-worker=32768"
    "memorysetup-temp-allocator-size-gi-baking-worker=262144"
    "memorysetup-temp-allocator-size-gfx=262144"
Player connection [25356] Host "[IP] 192.168.1.70 [Port] 0 [Flags] 2 [Guid] 1839657186 [EditorId] 1839657186 [Version] 1048832 [Id] WindowsEditor(7,DESKTOP-KCRGQGH) [Debug] 1 [PackageName] WindowsEditor [ProjectName] Editor" joined multi-casting on [225.0.0.222:54997]...

Player connection [25356] Host "[IP] 192.168.1.70 [Port] 0 [Flags] 2 [Guid] 1839657186 [EditorId] 1839657186 [Version] 1048832 [Id] WindowsEditor(7,DESKTOP-KCRGQGH) [Debug] 1 [PackageName] WindowsEditor [ProjectName] Editor" joined alternative multi-casting on [225.0.0.222:34997]...

mdb reader table full -> cleaning up stale readers. Current readers:
    pid     thread     txnid
      9968 2c28 -
     17776 27cc 11704
      9968 32b0 -
      9968 519c -
     16368 3dec 11705
     10792 1234 11706
     19936 32b4 11707
     15596 345c 11708
     18948 2dcc 11709
      5312 1de8 11710
     16264 2d10 11712
     14172 5064 11713
     19224 2ad8 11715
      5772 526c 11716
     13072 3394 11717
      3456 57fc 11718
     11172 248 11719
     18660 f78 11721
     21152 1c94 11724
     19512 56f8 11725
      9856 477c 11726
     20772 418c 11727
     12784 16a8 11729
     16416 2e10 11730
     10932 28c8 11731
     20164 196c 11732
     23128 5a5c 11733
     23196 5aa0 11734
     21084 4b6c 11736
      2588 57e8 11737
     23344 5af8 11742
     23524 5be8 11743
     21228 2300 11750
     23032 5a0c 11751
     22832 5920 11753
     22532 58cc 11754
     22648 f28 11755
     23452 2470 11756
     19228 2448 11759
      4256 27f0 11760
     22536 5aac 11761
     23416 ae4 11762
     14984 164c 11763
     23056 1db4 11764
     23220 3580 11765
     23316 2b0c 11766
     23184 4c14 11768
     23064 58ec 11769
     22568 4a40 11770
      9324 23b4 11771
      9660 5608 11773
      9044 4b84 11774
     18944 10bc 11775
     23240 3c40 11776
     14244 5a74 11777
      2964 4ab4 11778
     22872 593c 11780
     19628 59c8 11781
     23620 edc 11790
     20456 5e78 11791
      7184 5970 11792
     12596 4a5c 11793
     24492 5fa8 11794
     10908 5e38 11795
     23556 5928 11797
     24448 1c40 11798
     19392 2058 11799
     24400 5e54 11800
     24064 1d14 11802
     22720 4138 11803
     18872 56d8 11805
     24284 2e28 11806
     20600 5b44 11809
     22584 5c34 11810
     22876 5e5c 11813
     23924 5ce0 11814
     23256 5f08 11815
     23788 120c 11816
      9688 49a8 11817
     21384 581c 11818
     22404 5054 11819
     24308 24cc 11820
     16024 4e3c 11822
      7828 5e58 11823
     24404 5f14 11824
     22700 58e8 11825
     24144 5e84 11826
     19496 3e80 11827
     24528 2adc 11828
      1344 5d10 11829
      9540 53c4 11830
     22928 5bd8 11831
      6008 5db8 11837
     24568 5f24 11838
     23848 5d24 11839
     24176 5f3c 11840
     21204 5f68 11843
     24760 60bc 11844
     25316 62e8 11845
     25556 63d8 11846
     25044 61d0 11847
     20748 5ecc 11848
     24304 63fc 11849
     24876 6120 11850
     21064 6208 11851
     22864 2678 11852
     22888 4288 11853
     24224 bd4 11855
     22076 5e3c 11856
      5588 5ff0 11857
     22440 1d10 11863
     22936 5d34 11864
     24828 6100 11869
     18000 6224 11870
      7576 543c 11876
     25416 5d68 11877
     24748 aac 11878
     23756 62e0 11879
     25116 5eb8 11880
     24364 5bb8 11881
     23828 61a0 11882
     25132 632c 11883
     25052 5f30 11884
     23584 1df0 11885
     24856 1c68 11886
      1608 9dc 11703
Cleaned out 123 stale readers
received signal from system: SIGSEGV
Obtained 19 stack frames
0x00007ff6b119d1dd (Unity) StackWalker::GetCurrentCallstack
0x00007ff6b11a3d99 (Unity) StackWalker::ShowCallstack
0x00007ff6b213b913 (Unity) GetStacktrace
0x00007ff6b11a2dd6 (Unity) winutils::PrintStackTrace
0x00007ff6b119c80c (Unity) winutils::CrashHandler::DefaultSignalHandler
0x00007ff6b3578b7e (Unity) seh_filter_exe
0x00007ff6b363a4d8 (Unity) `__scrt_common_main_seh'::`1'::filt$0
0x00007ff6b35454b0 (Unity) _C_specific_handler
0x00007ff913dd23df (ntdll) _chkstk
0x00007ff913d814a4 (ntdll) RtlRaiseException
0x00007ff913dd0f0e (ntdll) KiUserExceptionDispatcher
0x00007ff6b24c98e8 (Unity) SyncAssetFoldersWithDB
0x00007ff6b24b70e5 (Unity) InitializeAssetDatabaseV2
0x00007ff6b24380b5 (Unity) AssetDatabase::InitializeAssetDatabase
0x00007ff6b1cdf13f (Unity) Application::InitializeProject
0x00007ff6b2146078 (Unity) WinMain
0x00007ff6b3522e1e (Unity) __scrt_common_main_seh
0x00007ff913317614 (KERNEL32) BaseThreadInitThunk
0x00007ff913d826a1 (ntdll) RtlUserThreadStart

