Using pre-set license
Built from '2021.3/staging' branch; Version is '2021.3.21f1 (1b156197d683) revision 1774945'; Using compiler version '192829333'; Build Type 'Release'
OS: 'Windows 10  (10.0.19045) 64bit Core' Language: 'pt' Physical Memory: 8114 MB
BatchMode: 1, IsHumanControllingUs: 0, StartBugReporterOnCrash: 0, Is64bit: 1, IsPro: 1

COMMAND LINE ARGUMENTS:
C:\Program Files\Unity\Hub\Editor\2021.3.21f1\Editor\Unity.exe
-adb2
-batchMode
-noUpm
-name
AssetImportWorker861
-projectPath
C:/Users/diogo/Desktop/School/DJA/Project/Infected
-logFile
Logs/AssetImportWorker861.log
-srvPort
61492
Successfully changed project path to: C:/Users/diogo/Desktop/School/DJA/Project/Infected
C:/Users/diogo/Desktop/School/DJA/Project/Infected
[UnityMemory] Configuration Parameters - Can be set up in boot.config
    "memorysetup-bucket-allocator-granularity=16"
    "memorysetup-bucket-allocator-bucket-count=8"
    "memorysetup-bucket-allocator-block-size=33554432"
    "memorysetup-bucket-allocator-block-count=8"
    "memorysetup-main-allocator-block-size=16777216"
    "memorysetup-thread-allocator-block-size=16777216"
    "memorysetup-gfx-main-allocator-block-size=16777216"
    "memorysetup-gfx-thread-allocator-block-size=16777216"
    "memorysetup-cache-allocator-block-size=4194304"
    "memorysetup-typetree-allocator-block-size=2097152"
    "memorysetup-profiler-bucket-allocator-granularity=16"
    "memorysetup-profiler-bucket-allocator-bucket-count=8"
    "memorysetup-profiler-bucket-allocator-block-size=33554432"
    "memorysetup-profiler-bucket-allocator-block-count=8"
    "memorysetup-profiler-allocator-block-size=16777216"
    "memorysetup-profiler-editor-allocator-block-size=1048576"
    "memorysetup-temp-allocator-size-main=16777216"
    "memorysetup-job-temp-allocator-block-size=2097152"
    "memorysetup-job-temp-allocator-block-size-background=1048576"
    "memorysetup-job-temp-allocator-reduction-small-platforms=262144"
    "memorysetup-temp-allocator-size-background-worker=32768"
    "memorysetup-temp-allocator-size-job-worker=262144"
    "memorysetup-temp-allocator-size-preload-manager=33554432"
    "memorysetup-temp-allocator-size-nav-mesh-worker=65536"
    "memorysetup-temp-allocator-size-audio-worker=65536"
    "memorysetup-temp-allocator-size-cloud-worker=32768"
    "memorysetup-temp-allocator-size-gi-baking-worker=262144"
    "memorysetup-temp-allocator-size-gfx=262144"
Player connection [27580] Host "[IP] 192.168.1.70 [Port] 0 [Flags] 2 [Guid] 2584626057 [EditorId] 2584626057 [Version] 1048832 [Id] WindowsEditor(7,DESKTOP-KCRGQGH) [Debug] 1 [PackageName] WindowsEditor [ProjectName] Editor" joined multi-casting on [225.0.0.222:54997]...

Player connection [27580] Host "[IP] 192.168.1.70 [Port] 0 [Flags] 2 [Guid] 2584626057 [EditorId] 2584626057 [Version] 1048832 [Id] WindowsEditor(7,DESKTOP-KCRGQGH) [Debug] 1 [PackageName] WindowsEditor [ProjectName] Editor" joined alternative multi-casting on [225.0.0.222:34997]...

mdb reader table full -> cleaning up stale readers. Current readers:
    pid     thread     txnid
      9340 245c -
     30628 77a8 16573
      9340 4270 -
     14356 5f64 16574
      9340 1974 -
     10612 7354 16575
     28144 62ec 16576
     30232 7060 16577
     26308 72d4 16578
     30696 66f4 16579
     29908 7440 16580
     20628 7090 16581
     30068 71a0 16582
     30024 6d30 16583
     30140 6f08 16584
     27852 7288 16585
     25764 74f8 16586
     24792 70f0 16587
     27928 676c 16588
     30244 75ec 16589
     28012 76c0 16590
     27988 7438 16591
     28200 75f0 16592
     27728 7098 16593
      3428 4470 16594
     15024 546c 16595
     30360 1480 16596
     30124 6b00 16597
     29736 7700 16598
     27484 72f0 16599
     30144 6f84 16600
      3124 77a0 16601
     29820 7774 16602
     28328 6a44 16603
     27868 7094 16604
     29596 4794 16605
     28204 719c 16606
     28320 71d8 16607
     27352 63bc 16608
     25184 77dc 16609
     21408 7508 16610
     25604 759c 16611
     27264 74e0 16612
     30560 713c 16613
     29576 2f10 16614
     27628 6db0 16615
     26192 77bc 16616
     30640 70d4 16617
     30648 76c4 16618
     27812 6a3c 16619
     29440 720c 16620
      9440 60a8 16621
     17920 6f94 16622
     26380 6f48 16623
     25088 6098 16624
     30288 6e0c 16625
     30320 6120 16626
     30064 768c 16627
     27528 4b40 16628
     27124 6d60 16629
     30804 7858 16630
     31236 7a08 16631
     31504 7b14 16632
     31032 793c 16633
     31328 7a64 16634
     31736 7480 16635
     29812 77f8 16636
     29904 781c 16637
      1536 6928 16638
      7700 703c 16639
     29076 7850 16640
     31656 6c88 16641
     30260 7798 16642
     31720 70f8 16643
      6332 7928 16644
     31524 7a9c 16645
     31244 7978 16646
     30952 754c 16647
     31716 76f8 16648
     31112 7568 16649
     12480 7b98 16650
     24812 4ca0 16651
     30756 7a70 16652
     31044 63b4 16653
     27212 6f74 16654
     28076 7714 16655
      9316 760c 16656
     30352 74fc 16657
     26944 79a0 16658
     29096 6bc0 16659
     20212 797c 16660
     29236 6d68 16661
     31696 7490 16662
     28016 79a4 16663
     30840 79e8 16664
     29700 6bdc 16665
     31264 7828 16666
     31580 72d8 16667
     30744 6bc4 16668
     24416 771c 16669
     17568 7b00 16670
     26940 712c 16671
     26548 7a38 16672
     31572 3fc4 16673
     25216 698c 16674
     28100 7b48 16675
     27856 3344 16676
     30508 6c30 16677
     31480 758c 16678
     31364 7308 16679
     30956 7b0c 16680
     30664 6c80 16681
     30252 513c 16682
     29952 783c 16683
     31028 6690 16684
     31368 7420 16685
     31464 79e0 16686
     29800 777c 16687
     30876 7a30 16688
     30372 79e4 16689
     29472 79b8 16690
     28188 7770 16691
     28280 7aec 16692
     24768 7bc0 16693
     30992 7888 16694
     29120 7640 16695
Cleaned out 123 stale readers
received signal from system: SIGSEGV
Obtained 19 stack frames
0x00007ff730a8d1dd (Unity) StackWalker::GetCurrentCallstack
0x00007ff730a93d99 (Unity) StackWalker::ShowCallstack
0x00007ff731a2b913 (Unity) GetStacktrace
0x00007ff730a92dd6 (Unity) winutils::PrintStackTrace
0x00007ff730a8c80c (Unity) winutils::CrashHandler::DefaultSignalHandler
0x00007ff732e68b7e (Unity) seh_filter_exe
0x00007ff732f2a4d8 (Unity) `__scrt_common_main_seh'::`1'::filt$0
0x00007ff732e354b0 (Unity) _C_specific_handler
0x00007ffdebe923df (ntdll) _chkstk
0x00007ffdebe414a4 (ntdll) RtlRaiseException
0x00007ffdebe90f0e (ntdll) KiUserExceptionDispatcher
0x00007ff731db98e8 (Unity) SyncAssetFoldersWithDB
0x00007ff731da70e5 (Unity) InitializeAssetDatabaseV2
0x00007ff731d280b5 (Unity) AssetDatabase::InitializeAssetDatabase
0x00007ff7315cf13f (Unity) Application::InitializeProject
0x00007ff731a36078 (Unity) WinMain
0x00007ff732e12e1e (Unity) __scrt_common_main_seh
0x00007ffdeb8d7614 (KERNEL32) BaseThreadInitThunk
0x00007ffdebe426a1 (ntdll) RtlUserThreadStart

