Using pre-set license
Built from '2021.3/staging' branch; Version is '2021.3.21f1 (1b156197d683) revision 1774945'; Using compiler version '192829333'; Build Type 'Release'
OS: 'Windows 10  (10.0.19045) 64bit Core' Language: 'pt' Physical Memory: 8114 MB
BatchMode: 1, IsHumanControllingUs: 0, StartBugReporterOnCrash: 0, Is64bit: 1, IsPro: 1

COMMAND LINE ARGUMENTS:
C:\Program Files\Unity\Hub\Editor\2021.3.21f1\Editor\Unity.exe
-adb2
-batchMode
-noUpm
-name
AssetImportWorker2154
-projectPath
C:/Users/diogo/Desktop/School/DJA/Project/Infected
-logFile
Logs/AssetImportWorker2154.log
-srvPort
57425
Successfully changed project path to: C:/Users/diogo/Desktop/School/DJA/Project/Infected
C:/Users/diogo/Desktop/School/DJA/Project/Infected
[UnityMemory] Configuration Parameters - Can be set up in boot.config
    "memorysetup-bucket-allocator-granularity=16"
    "memorysetup-bucket-allocator-bucket-count=8"
    "memorysetup-bucket-allocator-block-size=33554432"
    "memorysetup-bucket-allocator-block-count=8"
    "memorysetup-main-allocator-block-size=16777216"
    "memorysetup-thread-allocator-block-size=16777216"
    "memorysetup-gfx-main-allocator-block-size=16777216"
    "memorysetup-gfx-thread-allocator-block-size=16777216"
    "memorysetup-cache-allocator-block-size=4194304"
    "memorysetup-typetree-allocator-block-size=2097152"
    "memorysetup-profiler-bucket-allocator-granularity=16"
    "memorysetup-profiler-bucket-allocator-bucket-count=8"
    "memorysetup-profiler-bucket-allocator-block-size=33554432"
    "memorysetup-profiler-bucket-allocator-block-count=8"
    "memorysetup-profiler-allocator-block-size=16777216"
    "memorysetup-profiler-editor-allocator-block-size=1048576"
    "memorysetup-temp-allocator-size-main=16777216"
    "memorysetup-job-temp-allocator-block-size=2097152"
    "memorysetup-job-temp-allocator-block-size-background=1048576"
    "memorysetup-job-temp-allocator-reduction-small-platforms=262144"
    "memorysetup-temp-allocator-size-background-worker=32768"
    "memorysetup-temp-allocator-size-job-worker=262144"
    "memorysetup-temp-allocator-size-preload-manager=33554432"
    "memorysetup-temp-allocator-size-nav-mesh-worker=65536"
    "memorysetup-temp-allocator-size-audio-worker=65536"
    "memorysetup-temp-allocator-size-cloud-worker=32768"
    "memorysetup-temp-allocator-size-gi-baking-worker=262144"
    "memorysetup-temp-allocator-size-gfx=262144"
Player connection [6384] Host "[IP] 192.168.1.70 [Port] 0 [Flags] 2 [Guid] 1511218418 [EditorId] 1511218418 [Version] 1048832 [Id] WindowsEditor(7,DESKTOP-KCRGQGH) [Debug] 1 [PackageName] WindowsEditor [ProjectName] Editor" joined multi-casting on [225.0.0.222:54997]...

Player connection [6384] Host "[IP] 192.168.1.70 [Port] 0 [Flags] 2 [Guid] 1511218418 [EditorId] 1511218418 [Version] 1048832 [Id] WindowsEditor(7,DESKTOP-KCRGQGH) [Debug] 1 [PackageName] WindowsEditor [ProjectName] Editor" joined alternative multi-casting on [225.0.0.222:34997]...

received signal from system: SIGSEGV
Obtained 19 stack frames
0x00007ff6b119d1dd (Unity) StackWalker::GetCurrentCallstack
0x00007ff6b11a3d99 (Unity) StackWalker::ShowCallstack
0x00007ff6b213b913 (Unity) GetStacktrace
0x00007ff6b11a2dd6 (Unity) winutils::PrintStackTrace
0x00007ff6b119c80c (Unity) winutils::CrashHandler::DefaultSignalHandler
0x00007ff6b3578b7e (Unity) seh_filter_exe
0x00007ff6b363a4d8 (Unity) `__scrt_common_main_seh'::`1'::filt$0
0x00007ff6b35454b0 (Unity) _C_specific_handler
0x00007ff913dd23df (ntdll) _chkstk
0x00007ff913d814a4 (ntdll) RtlRaiseException
0x00007ff913dd0f0e (ntdll) KiUserExceptionDispatcher
0x00007ff6b24c98e8 (Unity) SyncAssetFoldersWithDB
0x00007ff6b24b70e5 (Unity) InitializeAssetDatabaseV2
0x00007ff6b24380b5 (Unity) AssetDatabase::InitializeAssetDatabase
0x00007ff6b1cdf13f (Unity) Application::InitializeProject
0x00007ff6b2146078 (Unity) WinMain
0x00007ff6b3522e1e (Unity) __scrt_common_main_seh
0x00007ff913317614 (KERNEL32) BaseThreadInitThunk
0x00007ff913d826a1 (ntdll) RtlUserThreadStart

