Using pre-set license
Built from '2021.3/staging' branch; Version is '2021.3.21f1 (1b156197d683) revision 1774945'; Using compiler version '192829333'; Build Type 'Release'
OS: 'Windows 10  (10.0.19045) 64bit Core' Language: 'pt' Physical Memory: 8114 MB
BatchMode: 1, IsHumanControllingUs: 0, StartBugReporterOnCrash: 0, Is64bit: 1, IsPro: 1

COMMAND LINE ARGUMENTS:
C:\Program Files\Unity\Hub\Editor\2021.3.21f1\Editor\Unity.exe
-adb2
-batchMode
-noUpm
-name
AssetImportWorker984
-projectPath
C:/Users/diogo/Desktop/School/DJA/Project/Infected
-logFile
Logs/AssetImportWorker984.log
-srvPort
61492
Successfully changed project path to: C:/Users/diogo/Desktop/School/DJA/Project/Infected
C:/Users/diogo/Desktop/School/DJA/Project/Infected
[UnityMemory] Configuration Parameters - Can be set up in boot.config
    "memorysetup-bucket-allocator-granularity=16"
    "memorysetup-bucket-allocator-bucket-count=8"
    "memorysetup-bucket-allocator-block-size=33554432"
    "memorysetup-bucket-allocator-block-count=8"
    "memorysetup-main-allocator-block-size=16777216"
    "memorysetup-thread-allocator-block-size=16777216"
    "memorysetup-gfx-main-allocator-block-size=16777216"
    "memorysetup-gfx-thread-allocator-block-size=16777216"
    "memorysetup-cache-allocator-block-size=4194304"
    "memorysetup-typetree-allocator-block-size=2097152"
    "memorysetup-profiler-bucket-allocator-granularity=16"
    "memorysetup-profiler-bucket-allocator-bucket-count=8"
    "memorysetup-profiler-bucket-allocator-block-size=33554432"
    "memorysetup-profiler-bucket-allocator-block-count=8"
    "memorysetup-profiler-allocator-block-size=16777216"
    "memorysetup-profiler-editor-allocator-block-size=1048576"
    "memorysetup-temp-allocator-size-main=16777216"
    "memorysetup-job-temp-allocator-block-size=2097152"
    "memorysetup-job-temp-allocator-block-size-background=1048576"
    "memorysetup-job-temp-allocator-reduction-small-platforms=262144"
    "memorysetup-temp-allocator-size-background-worker=32768"
    "memorysetup-temp-allocator-size-job-worker=262144"
    "memorysetup-temp-allocator-size-preload-manager=33554432"
    "memorysetup-temp-allocator-size-nav-mesh-worker=65536"
    "memorysetup-temp-allocator-size-audio-worker=65536"
    "memorysetup-temp-allocator-size-cloud-worker=32768"
    "memorysetup-temp-allocator-size-gi-baking-worker=262144"
    "memorysetup-temp-allocator-size-gfx=262144"
Player connection [33680] Host "[IP] 192.168.1.70 [Port] 0 [Flags] 2 [Guid] 2791680726 [EditorId] 2791680726 [Version] 1048832 [Id] WindowsEditor(7,DESKTOP-KCRGQGH) [Debug] 1 [PackageName] WindowsEditor [ProjectName] Editor" joined multi-casting on [225.0.0.222:54997]...

Player connection [33680] Host "[IP] 192.168.1.70 [Port] 0 [Flags] 2 [Guid] 2791680726 [EditorId] 2791680726 [Version] 1048832 [Id] WindowsEditor(7,DESKTOP-KCRGQGH) [Debug] 1 [PackageName] WindowsEditor [ProjectName] Editor" joined alternative multi-casting on [225.0.0.222:34997]...

mdb reader table full -> cleaning up stale readers. Current readers:
    pid     thread     txnid
      9340 245c -
     31216 6bbc 16696
      9340 4270 -
     30868 79dc 16697
      9340 1974 -
     30184 6c28 16698
     29900 74f0 16699
     31812 7c48 16700
     32460 7ed0 16701
     32728 7fdc 16702
     32056 7d34 16703
     32404 7e98 16704
     32044 78a8 16705
     26860 7e90 16706
     32100 7cf4 16707
     32032 7d24 16708
     32660 7f98 16709
     14952 6e3c 16710
     27620 78b8 16711
     32160 7da4 16712
     28496 784c 16713
     32572 7a74 16714
     27844 7964 16715
     32020 7d68 16716
     32192 70d0 16717
     32628 7f6c 16718
     30020 7e0c 16719
     32580 77d0 16720
     31624 7d54 16721
     31232 74b8 16722
     32168 7764 16723
     31860 7c14 16724
     32424 77f4 16725
     32648 7960 16726
     32060 7e5c 16727
     31484 4fb4 16728
     30212 791c 16729
     32376 7a7c 16730
     27616 735c 16731
     29776 7dec 16732
     32012 7bf0 16733
     31936 6e30 16734
     31352 76dc 16735
     29968 7f18 16736
     31616 6d40 16737
     28900 7ce8 16738
     31660 7b4c 16739
     25768 4a50 16740
     29012 76d8 16741
     28432 76e4 16742
     27624 7974 16743
     32080 7de4 16744
     30364 7950 16745
     30892 7acc 16746
     31684 7b2c 16747
     30216 6f38 16748
     30132 7864 16749
     31084 79d4 16750
     31756 78f4 16751
     29832 7d18 16752
     31968 63e0 16753
     32116 7e48 16754
     29136 7dac 16755
     32396 7c30 16756
     32920 809c 16757
     33192 81ac 16758
     33084 8140 16759
     33412 8288 16760
     33248 81dc 16761
     31316 7ec0 16762
     30528 7820 16763
     31180 7844 16764
     33628 7520 16765
     32996 6d34 16766
     33300 8218 16767
     29348 8064 16768
     33644 7cc4 16769
     33272 7418 16770
     29324 6efc 16771
     33136 8378 16772
     33120 8320 16773
     31272 81d8 16774
     31920 7ad8 16775
     33232 819c 16776
     33532 7168 16777
     27320 8258 16778
     30960 7868 16779
     27660 80c0 16780
     33236 80a0 16781
     33492 82d8 16782
     25104 7870 16783
     32684 6dc8 16784
     30516 6c10 16785
     33364 79f4 16786
     33328 7540 16787
     32072 6b70 16788
     33584 7940 16789
     33396 70d8 16790
     20200 7d30 16791
     32864 830c 16792
     31568 8154 16793
     33716 7c60 16794
     32812 70dc 16795
     32740 81c0 16796
     30072 7cd0 16797
     18916 8280 16798
     32980 8324 16799
     32332 6984 16800
     28248 80d8 16801
     32364 7c28 16802
     31164 78bc 16803
     33740 7c40 16804
     24600 803c 16805
     31228 686c 16806
     32004 839c 16807
     32120 8184 16808
     33148 7ac4 16809
     29484 827c 16810
     32612 7c70 16811
     33188 7230 16812
     33760 7c18 16813
      6268 7db8 16814
     33896 846c 16815
     34196 8598 16816
     34712 879c 16817
     34056 850c 16818
Cleaned out 123 stale readers
received signal from system: SIGSEGV
Obtained 19 stack frames
0x00007ff730a8d1dd (Unity) StackWalker::GetCurrentCallstack
0x00007ff730a93d99 (Unity) StackWalker::ShowCallstack
0x00007ff731a2b913 (Unity) GetStacktrace
0x00007ff730a92dd6 (Unity) winutils::PrintStackTrace
0x00007ff730a8c80c (Unity) winutils::CrashHandler::DefaultSignalHandler
0x00007ff732e68b7e (Unity) seh_filter_exe
0x00007ff732f2a4d8 (Unity) `__scrt_common_main_seh'::`1'::filt$0
0x00007ff732e354b0 (Unity) _C_specific_handler
0x00007ffdebe923df (ntdll) _chkstk
0x00007ffdebe414a4 (ntdll) RtlRaiseException
0x00007ffdebe90f0e (ntdll) KiUserExceptionDispatcher
0x00007ff731db98e8 (Unity) SyncAssetFoldersWithDB
0x00007ff731da70e5 (Unity) InitializeAssetDatabaseV2
0x00007ff731d280b5 (Unity) AssetDatabase::InitializeAssetDatabase
0x00007ff7315cf13f (Unity) Application::InitializeProject
0x00007ff731a36078 (Unity) WinMain
0x00007ff732e12e1e (Unity) __scrt_common_main_seh
0x00007ffdeb8d7614 (KERNEL32) BaseThreadInitThunk
0x00007ffdebe426a1 (ntdll) RtlUserThreadStart

