Using pre-set license
Built from '2021.3/staging' branch; Version is '2021.3.21f1 (1b156197d683) revision 1774945'; Using compiler version '192829333'; Build Type 'Release'
OS: 'Windows 10  (10.0.19045) 64bit Core' Language: 'pt' Physical Memory: 8114 MB
BatchMode: 1, IsHumanControllingUs: 0, StartBugReporterOnCrash: 0, Is64bit: 1, IsPro: 1

COMMAND LINE ARGUMENTS:
C:\Program Files\Unity\Hub\Editor\2021.3.21f1\Editor\Unity.exe
-adb2
-batchMode
-noUpm
-name
AssetImportWorker738
-projectPath
C:/Users/diogo/Desktop/School/DJA/Project/Infected
-logFile
Logs/AssetImportWorker738.log
-srvPort
61492
Successfully changed project path to: C:/Users/diogo/Desktop/School/DJA/Project/Infected
C:/Users/diogo/Desktop/School/DJA/Project/Infected
[UnityMemory] Configuration Parameters - Can be set up in boot.config
    "memorysetup-bucket-allocator-granularity=16"
    "memorysetup-bucket-allocator-bucket-count=8"
    "memorysetup-bucket-allocator-block-size=33554432"
    "memorysetup-bucket-allocator-block-count=8"
    "memorysetup-main-allocator-block-size=16777216"
    "memorysetup-thread-allocator-block-size=16777216"
    "memorysetup-gfx-main-allocator-block-size=16777216"
    "memorysetup-gfx-thread-allocator-block-size=16777216"
    "memorysetup-cache-allocator-block-size=4194304"
    "memorysetup-typetree-allocator-block-size=2097152"
    "memorysetup-profiler-bucket-allocator-granularity=16"
    "memorysetup-profiler-bucket-allocator-bucket-count=8"
    "memorysetup-profiler-bucket-allocator-block-size=33554432"
    "memorysetup-profiler-bucket-allocator-block-count=8"
    "memorysetup-profiler-allocator-block-size=16777216"
    "memorysetup-profiler-editor-allocator-block-size=1048576"
    "memorysetup-temp-allocator-size-main=16777216"
    "memorysetup-job-temp-allocator-block-size=2097152"
    "memorysetup-job-temp-allocator-block-size-background=1048576"
    "memorysetup-job-temp-allocator-reduction-small-platforms=262144"
    "memorysetup-temp-allocator-size-background-worker=32768"
    "memorysetup-temp-allocator-size-job-worker=262144"
    "memorysetup-temp-allocator-size-preload-manager=33554432"
    "memorysetup-temp-allocator-size-nav-mesh-worker=65536"
    "memorysetup-temp-allocator-size-audio-worker=65536"
    "memorysetup-temp-allocator-size-cloud-worker=32768"
    "memorysetup-temp-allocator-size-gi-baking-worker=262144"
    "memorysetup-temp-allocator-size-gfx=262144"
Player connection [30632] Host "[IP] 192.168.1.70 [Port] 0 [Flags] 2 [Guid] 3121073575 [EditorId] 3121073575 [Version] 1048832 [Id] WindowsEditor(7,DESKTOP-KCRGQGH) [Debug] 1 [PackageName] WindowsEditor [ProjectName] Editor" joined multi-casting on [225.0.0.222:54997]...

Player connection [30632] Host "[IP] 192.168.1.70 [Port] 0 [Flags] 2 [Guid] 3121073575 [EditorId] 3121073575 [Version] 1048832 [Id] WindowsEditor(7,DESKTOP-KCRGQGH) [Debug] 1 [PackageName] WindowsEditor [ProjectName] Editor" joined alternative multi-casting on [225.0.0.222:34997]...

mdb reader table full -> cleaning up stale readers. Current readers:
    pid     thread     txnid
      9340 245c -
     27544 6b28 16447
      9340 4270 -
     26688 683c 16448
      9340 1974 -
     26376 678c 16449
     26668 6978 16450
     28040 51a8 16451
     25832 27fc 16452
     23708 6ed0 16453
     27180 6684 16454
     27832 6480 16455
     27428 544 16456
     28176 61d0 16457
     27224 6334 16458
     24356 6ab0 16459
      3936 6f28 16460
     28512 6c4c 16461
     16244 68b4 16462
     27672 6964 16463
     28528 3c70 16464
     28636 5ee4 16465
     26972 6e20 16466
     27008 5de8 16467
     28460 6c48 16468
     27508 6804 16469
     25608 5ca4 16470
     26852 6994 16471
     25856 692c 16472
     12008 6168 16473
     25340 6910 16474
     26632 6930 16475
     24024 6f78 16476
     26384 6ff8 16477
     23072 26b8 16478
     22892 6b34 16479
     28404 6370 16480
     27440 6830 16481
     16652 fdc 16482
     24736 6d10 16483
     26880 411c 16484
     27536 6384 16485
     28644 6f58 16486
     26892 6780 16487
     25636 2778 16488
     28848 70b4 16489
     29020 7160 16490
     29252 7248 16491
     28908 7114 16492
     26592 6e40 16493
     27240 6e68 16494
     28916 5aa8 16495
     29600 7150 16496
     29268 4f0c 16497
     29156 7298 16498
     25308 6a9c 16499
     29404 6fa4 16500
     27872 6c84 16501
     26996 711c 16502
     27164 6dc0 16503
      6828 3ac4 16505
     25004 3e44 16506
     28552 6aa0 16507
     27972 cf8 16508
     18964 694c 16509
     10608 6b8c 16510
     18028 6970 16511
     26876 6850 16512
     27800 6528 16513
     27848 6ffc 16514
     24880 4740 16515
     26532 6104 16516
     26596 70a4 16517
     29276 706c 16518
     25488 7280 16519
     26776 6e50 16520
     27060 650c 16521
     26740 70ac 16522
     18840 72f8 16523
      6888 6dec 16524
     28576 6b3c 16525
     26696 6bd4 16526
      9988 6908 16527
     28228 6c64 16528
     25820 6f8c 16529
     27356 7058 16530
     29208 6434 16531
     27448 7074 16532
     28296 65d4 16533
     28236 6670 16534
     25884 6e9c 16535
       652 6c04 16536
     28592 6a98 16537
     11308 6bf8 16538
     28872 6834 16539
     25964 7324 16540
     27108 26c 16541
     29164 59fc 16542
     12052 7048 16545
     26444 6658 16546
     27764 53e4 16547
     17244 47b0 16548
      6612 6f80 16549
     26792 5380 16550
     28792 6620 16551
     26748 61f0 16552
     28964 6454 16553
     28596 707c 16554
     29292 7270 16555
     28572 65a0 16556
      5844 6da0 16557
     27144 7210 16558
     29160 67d8 16559
     27500 64d0 16560
     29180 71a4 16561
      5636 7158 16562
     25132 6fc4 16563
     12448 1bc 16564
     27220 86c 16565
     25816 71f0 16566
     26600 415c 16567
     29708 7410 16568
     30276 7648 16569
     30520 773c 16570
     29844 7498 16571
     28452 60bc 16572
Cleaned out 123 stale readers
received signal from system: SIGSEGV
Obtained 19 stack frames
0x00007ff730a8d1dd (Unity) StackWalker::GetCurrentCallstack
0x00007ff730a93d99 (Unity) StackWalker::ShowCallstack
0x00007ff731a2b913 (Unity) GetStacktrace
0x00007ff730a92dd6 (Unity) winutils::PrintStackTrace
0x00007ff730a8c80c (Unity) winutils::CrashHandler::DefaultSignalHandler
0x00007ff732e68b7e (Unity) seh_filter_exe
0x00007ff732f2a4d8 (Unity) `__scrt_common_main_seh'::`1'::filt$0
0x00007ff732e354b0 (Unity) _C_specific_handler
0x00007ffdebe923df (ntdll) _chkstk
0x00007ffdebe414a4 (ntdll) RtlRaiseException
0x00007ffdebe90f0e (ntdll) KiUserExceptionDispatcher
0x00007ff731db98e8 (Unity) SyncAssetFoldersWithDB
0x00007ff731da70e5 (Unity) InitializeAssetDatabaseV2
0x00007ff731d280b5 (Unity) AssetDatabase::InitializeAssetDatabase
0x00007ff7315cf13f (Unity) Application::InitializeProject
0x00007ff731a36078 (Unity) WinMain
0x00007ff732e12e1e (Unity) __scrt_common_main_seh
0x00007ffdeb8d7614 (KERNEL32) BaseThreadInitThunk
0x00007ffdebe426a1 (ntdll) RtlUserThreadStart

