Using pre-set license
Built from '2021.3/staging' branch; Version is '2021.3.21f1 (1b156197d683) revision 1774945'; Using compiler version '192829333'; Build Type 'Release'
OS: 'Windows 10  (10.0.19045) 64bit Core' Language: 'pt' Physical Memory: 8114 MB
BatchMode: 1, IsHumanControllingUs: 0, StartBugReporterOnCrash: 0, Is64bit: 1, IsPro: 1

COMMAND LINE ARGUMENTS:
C:\Program Files\Unity\Hub\Editor\2021.3.21f1\Editor\Unity.exe
-adb2
-batchMode
-noUpm
-name
AssetImportWorker1968
-projectPath
C:/Users/diogo/Desktop/School/DJA/Project/Infected
-logFile
Logs/AssetImportWorker1968.log
-srvPort
61492
Successfully changed project path to: C:/Users/diogo/Desktop/School/DJA/Project/Infected
C:/Users/diogo/Desktop/School/DJA/Project/Infected
[UnityMemory] Configuration Parameters - Can be set up in boot.config
    "memorysetup-bucket-allocator-granularity=16"
    "memorysetup-bucket-allocator-bucket-count=8"
    "memorysetup-bucket-allocator-block-size=33554432"
    "memorysetup-bucket-allocator-block-count=8"
    "memorysetup-main-allocator-block-size=16777216"
    "memorysetup-thread-allocator-block-size=16777216"
    "memorysetup-gfx-main-allocator-block-size=16777216"
    "memorysetup-gfx-thread-allocator-block-size=16777216"
    "memorysetup-cache-allocator-block-size=4194304"
    "memorysetup-typetree-allocator-block-size=2097152"
    "memorysetup-profiler-bucket-allocator-granularity=16"
    "memorysetup-profiler-bucket-allocator-bucket-count=8"
    "memorysetup-profiler-bucket-allocator-block-size=33554432"
    "memorysetup-profiler-bucket-allocator-block-count=8"
    "memorysetup-profiler-allocator-block-size=16777216"
    "memorysetup-profiler-editor-allocator-block-size=1048576"
    "memorysetup-temp-allocator-size-main=16777216"
    "memorysetup-job-temp-allocator-block-size=2097152"
    "memorysetup-job-temp-allocator-block-size-background=1048576"
    "memorysetup-job-temp-allocator-reduction-small-platforms=262144"
    "memorysetup-temp-allocator-size-background-worker=32768"
    "memorysetup-temp-allocator-size-job-worker=262144"
    "memorysetup-temp-allocator-size-preload-manager=33554432"
    "memorysetup-temp-allocator-size-nav-mesh-worker=65536"
    "memorysetup-temp-allocator-size-audio-worker=65536"
    "memorysetup-temp-allocator-size-cloud-worker=32768"
    "memorysetup-temp-allocator-size-gi-baking-worker=262144"
    "memorysetup-temp-allocator-size-gfx=262144"
Player connection [49288] Host "[IP] 192.168.1.70 [Port] 0 [Flags] 2 [Guid] 903159166 [EditorId] 903159166 [Version] 1048832 [Id] WindowsEditor(7,DESKTOP-KCRGQGH) [Debug] 1 [PackageName] WindowsEditor [ProjectName] Editor" joined multi-casting on [225.0.0.222:54997]...

Player connection [49288] Host "[IP] 192.168.1.70 [Port] 0 [Flags] 2 [Guid] 903159166 [EditorId] 903159166 [Version] 1048832 [Id] WindowsEditor(7,DESKTOP-KCRGQGH) [Debug] 1 [PackageName] WindowsEditor [ProjectName] Editor" joined alternative multi-casting on [225.0.0.222:34997]...

mdb reader table full -> cleaning up stale readers. Current readers:
    pid     thread     txnid
      9340 245c -
     46516 7f8c 17680
      9340 4270 -
     41024 b4a4 17681
      9340 1974 -
     48424 bcd8 17682
     48636 bc08 17683
     48996 bcec 17684
     46912 b2fc 17685
     48228 be60 17686
     49020 ae94 17687
     42896 b5bc 17688
     48352 be2c 17689
     47436 b760 17690
     45888 bc6c 17691
     48504 bdec 17692
     49564 c1a0 17693
     49864 c2cc 17694
     49752 c25c 17695
     50032 c374 17696
     46608 b4d8 17697
     47520 bf08 17698
     46300 b6b4 17699
     49424 b978 17700
     49852 c2c0 17701
     27396 bd5c 17702
     49640 bef4 17703
     48168 b210 17704
     47108 c210 17705
     43812 be80 17706
     46092 c094 17707
     48432 b198 17708
     47284 c270 17709
     44716 b768 17710
     46700 b4a8 17711
     47100 b47c 17712
     49392 b934 17713
     49172 c308 17714
     48144 c090 17715
     40136 c0f4 17716
     43420 b8a0 17720
     38832 b434 17721
     34264 bfa0 17723
     47244 b50c 17724
     49936 c304 17725
     48436 bcd4 17726
     50924 c6f0 17727
     49132 c4b8 17728
     51120 ba68 17729
     43952 b114 17730
     51156 a1c0 17731
     43304 b638 17732
     50948 b924 17733
     50472 b984 17734
     50088 c3a0 17735
     49516 bf10 17736
     48568 c080 17737
     48772 a85c 17738
     36576 b440 17739
     43364 c1e4 17740
     49308 c3dc 17741
     48124 c37c 17742
     49052 c0a0 17743
     48472 ac44 17744
     47300 5fa8 17745
     46712 b830 17746
     48416 c79c 17747
     50712 a90c 17748
     42288 c1b8 17749
     48612 c624 17750
     43644 c21c 17751
     47728 b470 17752
     48372 c3e8 17753
     49256 be98 17754
     49320 acfc 17755
     46232 ba9c 17756
     49368 b9b4 17757
     50204 bfb4 17758
     48780 c078 17759
     49428 c330 17760
     50120 a840 17761
     50572 c2e4 17762
     48348 c22c 17763
     48656 55f4 17764
     48724 b938 17765
     50812 a91c 17766
     50340 b61c 17767
     49940 c718 17768
     48644 af14 17769
     51024 6c7c 17770
     48512 b7cc 17771
     47136 a2d4 17772
     50972 c378 17773
     49284 bcc0 17774
     45144 c4c4 17775
     36528 c73c 17776
     48492 8ec8 17777
     49744 b380 17778
     49224 c6cc 17779
     49120 c218 17780
     51764 ca38 17781
     52004 cb28 17782
     51228 c824 17783
     51476 c900 17784
     52012 b884 17785
     40376 cb30 17786
     48160 b3cc 17787
     51968 cafc 17788
     47368 a5e8 17789
     51836 ba14 17790
     51244 b414 17791
     51612 c92c 17792
     51972 c160 17793
     48552 6c70 17794
     43260 c488 17795
     42872 c324 17796
     40280 cb48 17797
     51288 b8fc 17798
     51320 a2d0 17799
     50964 c76c 17800
     50068 b780 17801
     44776 c168 17802
     51760 ca3c 17803
     51448 cacc 17804
     48968 a944 17805
     51788 ba34 17806
Cleaned out 123 stale readers
received signal from system: SIGSEGV
Obtained 19 stack frames
0x00007ff730a8d1dd (Unity) StackWalker::GetCurrentCallstack
0x00007ff730a93d99 (Unity) StackWalker::ShowCallstack
0x00007ff731a2b913 (Unity) GetStacktrace
0x00007ff730a92dd6 (Unity) winutils::PrintStackTrace
0x00007ff730a8c80c (Unity) winutils::CrashHandler::DefaultSignalHandler
0x00007ff732e68b7e (Unity) seh_filter_exe
0x00007ff732f2a4d8 (Unity) `__scrt_common_main_seh'::`1'::filt$0
0x00007ff732e354b0 (Unity) _C_specific_handler
0x00007ffdebe923df (ntdll) _chkstk
0x00007ffdebe414a4 (ntdll) RtlRaiseException
0x00007ffdebe90f0e (ntdll) KiUserExceptionDispatcher
0x00007ff731db98e8 (Unity) SyncAssetFoldersWithDB
0x00007ff731da70e5 (Unity) InitializeAssetDatabaseV2
0x00007ff731d280b5 (Unity) AssetDatabase::InitializeAssetDatabase
0x00007ff7315cf13f (Unity) Application::InitializeProject
0x00007ff731a36078 (Unity) WinMain
0x00007ff732e12e1e (Unity) __scrt_common_main_seh
0x00007ffdeb8d7614 (KERNEL32) BaseThreadInitThunk
0x00007ffdebe426a1 (ntdll) RtlUserThreadStart

