Using pre-set license
Built from '2021.3/staging' branch; Version is '2021.3.21f1 (1b156197d683) revision 1774945'; Using compiler version '192829333'; Build Type 'Release'
OS: 'Windows 10  (10.0.19045) 64bit Core' Language: 'pt' Physical Memory: 8114 MB
BatchMode: 1, IsHumanControllingUs: 0, StartBugReporterOnCrash: 0, Is64bit: 1, IsPro: 1

COMMAND LINE ARGUMENTS:
C:\Program Files\Unity\Hub\Editor\2021.3.21f1\Editor\Unity.exe
-adb2
-batchMode
-noUpm
-name
AssetImportWorker2091
-projectPath
C:/Users/diogo/Desktop/School/DJA/Project/Infected
-logFile
Logs/AssetImportWorker2091.log
-srvPort
61492
Successfully changed project path to: C:/Users/diogo/Desktop/School/DJA/Project/Infected
C:/Users/diogo/Desktop/School/DJA/Project/Infected
[UnityMemory] Configuration Parameters - Can be set up in boot.config
    "memorysetup-bucket-allocator-granularity=16"
    "memorysetup-bucket-allocator-bucket-count=8"
    "memorysetup-bucket-allocator-block-size=33554432"
    "memorysetup-bucket-allocator-block-count=8"
    "memorysetup-main-allocator-block-size=16777216"
    "memorysetup-thread-allocator-block-size=16777216"
    "memorysetup-gfx-main-allocator-block-size=16777216"
    "memorysetup-gfx-thread-allocator-block-size=16777216"
    "memorysetup-cache-allocator-block-size=4194304"
    "memorysetup-typetree-allocator-block-size=2097152"
    "memorysetup-profiler-bucket-allocator-granularity=16"
    "memorysetup-profiler-bucket-allocator-bucket-count=8"
    "memorysetup-profiler-bucket-allocator-block-size=33554432"
    "memorysetup-profiler-bucket-allocator-block-count=8"
    "memorysetup-profiler-allocator-block-size=16777216"
    "memorysetup-profiler-editor-allocator-block-size=1048576"
    "memorysetup-temp-allocator-size-main=16777216"
    "memorysetup-job-temp-allocator-block-size=2097152"
    "memorysetup-job-temp-allocator-block-size-background=1048576"
    "memorysetup-job-temp-allocator-reduction-small-platforms=262144"
    "memorysetup-temp-allocator-size-background-worker=32768"
    "memorysetup-temp-allocator-size-job-worker=262144"
    "memorysetup-temp-allocator-size-preload-manager=33554432"
    "memorysetup-temp-allocator-size-nav-mesh-worker=65536"
    "memorysetup-temp-allocator-size-audio-worker=65536"
    "memorysetup-temp-allocator-size-cloud-worker=32768"
    "memorysetup-temp-allocator-size-gi-baking-worker=262144"
    "memorysetup-temp-allocator-size-gfx=262144"
Player connection [54332] Host "[IP] 192.168.1.70 [Port] 0 [Flags] 2 [Guid] 4274087362 [EditorId] 4274087362 [Version] 1048832 [Id] WindowsEditor(7,DESKTOP-KCRGQGH) [Debug] 1 [PackageName] WindowsEditor [ProjectName] Editor" joined multi-casting on [225.0.0.222:54997]...

Player connection [54332] Host "[IP] 192.168.1.70 [Port] 0 [Flags] 2 [Guid] 4274087362 [EditorId] 4274087362 [Version] 1048832 [Id] WindowsEditor(7,DESKTOP-KCRGQGH) [Debug] 1 [PackageName] WindowsEditor [ProjectName] Editor" joined alternative multi-casting on [225.0.0.222:34997]...

mdb reader table full -> cleaning up stale readers. Current readers:
    pid     thread     txnid
      9340 245c -
     36548 c088 17807
      9340 4270 -
     51216 ca20 17808
      9340 1974 -
     50880 c8c8 17809
     45824 b5a8 17810
     46368 c784 17811
     52216 cb6c 17812
     42544 be90 17813
     50048 cb58 17814
     52328 cc6c 17815
     52608 cd84 17816
     44680 c820 17817
     52448 cce4 17818
     53036 cf34 17819
     53228 8404 17820
     52420 ce44 17821
     52384 c97c 17822
     52276 c404 17823
     52172 c8d0 17824
     52656 ce5c 17825
     53196 bb54 17826
     51368 c150 17827
      6620 bab4 17828
     49148 b428 17829
     49832 c0d0 17830
     51304 1d30 17831
     53172 ceb8 17832
     50304 adf8 17833
     52592 cbdc 17834
     50936 c80c 17835
     46604 cc5c 17836
     48740 cebc 17837
     53032 8ef8 17838
     52524 c890 17839
     51412 cdf4 17840
     50896 b890 17841
     46656 c0b0 17842
     52844 cac8 17843
     52760 cedc 17844
     48628 c350 17845
     47148 cc8c 17846
     47424 bdbc 17847
     49352 c044 17848
     51420 cb64 17849
     50020 3f5c 17850
     52792 c91c 17851
     53120 cd98 17852
     51428 c0e0 17853
     53064 cc24 17854
     51988 acd0 17855
     51380 c924 17856
     52624 bb98 17857
     51720 cadc 17858
     51820 cfd0 17859
     23092 caa0 17860
     50728 c298 17861
     46660 cc50 17862
     52892 bc30 17863
     49204 c1ec 17864
     29608 cb18 17865
     45704 b4e4 17866
     51604 493c 17867
     44720 cdd0 17868
     52556 cbb8 17869
     52576 cc84 17870
     51280 ce00 17871
     52204 c8e8 17872
     36412 cf8c 17873
     51920 ba6c 17874
     48480 cad8 17875
     51952 ca70 17876
     51296 b040 17877
     52100 c3c0 17878
     51864 c0ac 17879
     50860 ced4 17880
     45320 c828 17881
     51588 ce70 17882
     53080 cbf4 17883
     52084 be88 17884
     52976 b974 17885
     48536 a4cc 17886
     52628 924c 17887
     51568 bd10 17888
     51352 5ae4 17889
     49028 cc0c 17890
     53244 c600 17891
     53012 c03c 17892
     50208 cf60 17893
     48860 cd44 17894
     52148 cc10 17895
     51576 a220 17896
     52700 cc64 17897
     50008 be00 17898
     46316 c9bc 17899
     52808 bbc4 17900
     45872 c838 17901
     52852 ccec 17902
     48288 c500 17903
     53144 cd48 17904
     44412 cd08 17905
     41636 c958 17906
     52936 ccf4 17907
     48292 b2a4 17908
     42112 cf7c 17909
     42076 c93c 17910
     52392 cfc8 17911
     51924 cf08 17912
     52416 c214 17913
     51856 7f70 17914
     51440 cf6c 17915
     50976 c170 17916
     45556 9088 17917
     51936 bafc 17918
     53168 ccd4 17919
     47672 cbd0 17920
     48908 cb94 17921
     12248 c3f8 17922
     52680 b680 17923
     49628 cb60 17924
     51048 c928 17925
     47200 c5d0 17926
     33804 ca74 17927
     51996 b52c 17928
     53096 ccd0 17929
Cleaned out 123 stale readers
received signal from system: SIGSEGV
Obtained 19 stack frames
0x00007ff730a8d1dd (Unity) StackWalker::GetCurrentCallstack
0x00007ff730a93d99 (Unity) StackWalker::ShowCallstack
0x00007ff731a2b913 (Unity) GetStacktrace
0x00007ff730a92dd6 (Unity) winutils::PrintStackTrace
0x00007ff730a8c80c (Unity) winutils::CrashHandler::DefaultSignalHandler
0x00007ff732e68b7e (Unity) seh_filter_exe
0x00007ff732f2a4d8 (Unity) `__scrt_common_main_seh'::`1'::filt$0
0x00007ff732e354b0 (Unity) _C_specific_handler
0x00007ffdebe923df (ntdll) _chkstk
0x00007ffdebe414a4 (ntdll) RtlRaiseException
0x00007ffdebe90f0e (ntdll) KiUserExceptionDispatcher
0x00007ff731db98e8 (Unity) SyncAssetFoldersWithDB
0x00007ff731da70e5 (Unity) InitializeAssetDatabaseV2
0x00007ff731d280b5 (Unity) AssetDatabase::InitializeAssetDatabase
0x00007ff7315cf13f (Unity) Application::InitializeProject
0x00007ff731a36078 (Unity) WinMain
0x00007ff732e12e1e (Unity) __scrt_common_main_seh
0x00007ffdeb8d7614 (KERNEL32) BaseThreadInitThunk
0x00007ffdebe426a1 (ntdll) RtlUserThreadStart

