Using pre-set license
Built from '2021.3/staging' branch; Version is '2021.3.21f1 (1b156197d683) revision 1774945'; Using compiler version '192829333'; Build Type 'Release'
OS: 'Windows 10  (10.0.19045) 64bit Core' Language: 'pt' Physical Memory: 8114 MB
BatchMode: 1, IsHumanControllingUs: 0, StartBugReporterOnCrash: 0, Is64bit: 1, IsPro: 1

COMMAND LINE ARGUMENTS:
C:\Program Files\Unity\Hub\Editor\2021.3.21f1\Editor\Unity.exe
-adb2
-batchMode
-noUpm
-name
AssetImportWorker1103
-projectPath
C:/Users/diogo/Desktop/School/DJA/Project/Infected
-logFile
Logs/AssetImportWorker1103.log
-srvPort
57425
Successfully changed project path to: C:/Users/diogo/Desktop/School/DJA/Project/Infected
C:/Users/diogo/Desktop/School/DJA/Project/Infected
[UnityMemory] Configuration Parameters - Can be set up in boot.config
    "memorysetup-bucket-allocator-granularity=16"
    "memorysetup-bucket-allocator-bucket-count=8"
    "memorysetup-bucket-allocator-block-size=33554432"
    "memorysetup-bucket-allocator-block-count=8"
    "memorysetup-main-allocator-block-size=16777216"
    "memorysetup-thread-allocator-block-size=16777216"
    "memorysetup-gfx-main-allocator-block-size=16777216"
    "memorysetup-gfx-thread-allocator-block-size=16777216"
    "memorysetup-cache-allocator-block-size=4194304"
    "memorysetup-typetree-allocator-block-size=2097152"
    "memorysetup-profiler-bucket-allocator-granularity=16"
    "memorysetup-profiler-bucket-allocator-bucket-count=8"
    "memorysetup-profiler-bucket-allocator-block-size=33554432"
    "memorysetup-profiler-bucket-allocator-block-count=8"
    "memorysetup-profiler-allocator-block-size=16777216"
    "memorysetup-profiler-editor-allocator-block-size=1048576"
    "memorysetup-temp-allocator-size-main=16777216"
    "memorysetup-job-temp-allocator-block-size=2097152"
    "memorysetup-job-temp-allocator-block-size-background=1048576"
    "memorysetup-job-temp-allocator-reduction-small-platforms=262144"
    "memorysetup-temp-allocator-size-background-worker=32768"
    "memorysetup-temp-allocator-size-job-worker=262144"
    "memorysetup-temp-allocator-size-preload-manager=33554432"
    "memorysetup-temp-allocator-size-nav-mesh-worker=65536"
    "memorysetup-temp-allocator-size-audio-worker=65536"
    "memorysetup-temp-allocator-size-cloud-worker=32768"
    "memorysetup-temp-allocator-size-gi-baking-worker=262144"
    "memorysetup-temp-allocator-size-gfx=262144"
Player connection [45644] Host "[IP] 192.168.1.70 [Port] 0 [Flags] 2 [Guid] 2467965963 [EditorId] 2467965963 [Version] 1048832 [Id] WindowsEditor(7,DESKTOP-KCRGQGH) [Debug] 1 [PackageName] WindowsEditor [ProjectName] Editor" joined multi-casting on [225.0.0.222:54997]...

Player connection [45644] Host "[IP] 192.168.1.70 [Port] 0 [Flags] 2 [Guid] 2467965963 [EditorId] 2467965963 [Version] 1048832 [Id] WindowsEditor(7,DESKTOP-KCRGQGH) [Debug] 1 [PackageName] WindowsEditor [ProjectName] Editor" joined alternative multi-casting on [225.0.0.222:34997]...

mdb reader table full -> cleaning up stale readers. Current readers:
    pid     thread     txnid
      9968 2c28 -
     40080 9a68 13219
      9968 32b0 -
      9968 519c -
     39636 9ba0 13224
     38936 93c4 13229
     39536 95a8 13230
     39108 9458 13239
     40520 9d6c 13240
     40908 9d8c 13241
     40752 9ef0 13242
     40876 935c 13243
     38296 9cfc 13244
     40680 9884 13245
     39968 913c 13246
     40328 9bb0 13247
     41052 a060 13248
     41868 a390 13249
     40992 a024 13250
     40476 9e0c 13264
     41124 a09c 13265
     41716 a2fc 13270
     31664 a378 13271
     41812 a350 13273
     38300 a3b4 13275
     36344 9fdc 13277
     41392 9d90 13278
     38804 a0a0 13280
     41628 9c40 13281
     41040 a070 13282
     38984 998c 13283
     34812 907c 13287
     33460 9c6c 13288
     41932 a3d0 13289
     40976 a298 13290
     33176 a2b8 13291
     41476 a1f0 13292
     41752 9a3c 13293
     38156 a184 13294
     41532 3a00 13297
     41172 a384 13298
     39952 a1a0 13300
     41076 8b54 13301
     41304 9494 13303
     41648 9da8 13304
     39188 a11c 13305
     40724 7528 13306
     25536 a288 13308
     41684 8b34 13309
     34788 9d48 13311
     40224 9740 13312
     41928 a234 13313
     41340 a304 13314
     37740 90ec 13315
     38948 9c84 13316
     35192 9878 13317
     38200 9574 13318
     39092 924c 13319
     40296 8ee8 13320
     41620 a0b0 13321
     41836 8d54 13322
     36536 9dc4 13323
     41556 9d10 13324
     40720 9694 13326
     41576 8d8c 13327
     35084 a250 13333
     41940 8004 13334
     41144 8238 13339
     37076 72a8 13340
     42284 a530 13348
     42584 a65c 13353
     41992 829c 13372
     40128 a01c 13373
     34720 a3c4 13374
     42100 a478 13375
     42328 a6c4 13376
     42896 a10c 13377
     36556 9ac8 13378
     42000 a414 13379
     34872 9db8 13380
     34176 9410 13381
     36160 a7d8 13382
     42036 9e2c 13383
     42396 a458 13384
     42368 a41c 13385
     40860 a180 13386
     38836 a088 13387
     38120 9734 13388
     37360 a534 13389
     38364 a744 13390
     37604 a504 13391
     42756 a724 13392
     10216 a77c 13393
     41748 a3a8 13394
     41404 9e5c 13395
     42032 a0c8 13396
     42348 a750 13397
     42188 9544 13398
     42520 a67c 13399
     40220 a448 13401
     43092 a858 13402
     43636 aa78 13403
     43988 abd8 13404
     36216 8c84 13406
     42424 a600 13407
     38536 9970 13409
     36612 a454 13410
     43664 a244 13412
     40640 9df4 13413
     42648 949c 13415
     43808 aafc 13416
     43228 a8d8 13417
     41080 a7c8 13418
     42636 a624 13421
     42924 691c 13422
     41604 a9a8 13432
     44612 ae00 13433
     41032 ae78 13434
     31188 9e8c 13435
     45656 b254 13436
     45636 b268 13437
     45852 b05c 13439
     43512 b344 13441
     44424 a418 13442
     44020 a500 13443
     45008 afc8 13444
Cleaned out 123 stale readers
received signal from system: SIGSEGV
Obtained 19 stack frames
0x00007ff6b119d1dd (Unity) StackWalker::GetCurrentCallstack
0x00007ff6b11a3d99 (Unity) StackWalker::ShowCallstack
0x00007ff6b213b913 (Unity) GetStacktrace
0x00007ff6b11a2dd6 (Unity) winutils::PrintStackTrace
0x00007ff6b119c80c (Unity) winutils::CrashHandler::DefaultSignalHandler
0x00007ff6b3578b7e (Unity) seh_filter_exe
0x00007ff6b363a4d8 (Unity) `__scrt_common_main_seh'::`1'::filt$0
0x00007ff6b35454b0 (Unity) _C_specific_handler
0x00007ff913dd23df (ntdll) _chkstk
0x00007ff913d814a4 (ntdll) RtlRaiseException
0x00007ff913dd0f0e (ntdll) KiUserExceptionDispatcher
0x00007ff6b24c98e8 (Unity) SyncAssetFoldersWithDB
0x00007ff6b24b70e5 (Unity) InitializeAssetDatabaseV2
0x00007ff6b24380b5 (Unity) AssetDatabase::InitializeAssetDatabase
0x00007ff6b1cdf13f (Unity) Application::InitializeProject
0x00007ff6b2146078 (Unity) WinMain
0x00007ff6b3522e1e (Unity) __scrt_common_main_seh
0x00007ff913317614 (KERNEL32) BaseThreadInitThunk
0x00007ff913d826a1 (ntdll) RtlUserThreadStart

