Using pre-set license
Built from '2021.3/staging' branch; Version is '2021.3.21f1 (1b156197d683) revision 1774945'; Using compiler version '192829333'; Build Type 'Release'
OS: 'Windows 10  (10.0.19045) 64bit Core' Language: 'pt' Physical Memory: 8114 MB
BatchMode: 1, IsHumanControllingUs: 0, StartBugReporterOnCrash: 0, Is64bit: 1, IsPro: 1

COMMAND LINE ARGUMENTS:
C:\Program Files\Unity\Hub\Editor\2021.3.21f1\Editor\Unity.exe
-adb2
-batchMode
-noUpm
-name
AssetImportWorker1964
-projectPath
C:/Users/diogo/Desktop/School/DJA/Project/Infected
-logFile
Logs/AssetImportWorker1964.log
-srvPort
57425
Successfully changed project path to: C:/Users/diogo/Desktop/School/DJA/Project/Infected
C:/Users/diogo/Desktop/School/DJA/Project/Infected
[UnityMemory] Configuration Parameters - Can be set up in boot.config
    "memorysetup-bucket-allocator-granularity=16"
    "memorysetup-bucket-allocator-bucket-count=8"
    "memorysetup-bucket-allocator-block-size=33554432"
    "memorysetup-bucket-allocator-block-count=8"
    "memorysetup-main-allocator-block-size=16777216"
    "memorysetup-thread-allocator-block-size=16777216"
    "memorysetup-gfx-main-allocator-block-size=16777216"
    "memorysetup-gfx-thread-allocator-block-size=16777216"
    "memorysetup-cache-allocator-block-size=4194304"
    "memorysetup-typetree-allocator-block-size=2097152"
    "memorysetup-profiler-bucket-allocator-granularity=16"
    "memorysetup-profiler-bucket-allocator-bucket-count=8"
    "memorysetup-profiler-bucket-allocator-block-size=33554432"
    "memorysetup-profiler-bucket-allocator-block-count=8"
    "memorysetup-profiler-allocator-block-size=16777216"
    "memorysetup-profiler-editor-allocator-block-size=1048576"
    "memorysetup-temp-allocator-size-main=16777216"
    "memorysetup-job-temp-allocator-block-size=2097152"
    "memorysetup-job-temp-allocator-block-size-background=1048576"
    "memorysetup-job-temp-allocator-reduction-small-platforms=262144"
    "memorysetup-temp-allocator-size-background-worker=32768"
    "memorysetup-temp-allocator-size-job-worker=262144"
    "memorysetup-temp-allocator-size-preload-manager=33554432"
    "memorysetup-temp-allocator-size-nav-mesh-worker=65536"
    "memorysetup-temp-allocator-size-audio-worker=65536"
    "memorysetup-temp-allocator-size-cloud-worker=32768"
    "memorysetup-temp-allocator-size-gi-baking-worker=262144"
    "memorysetup-temp-allocator-size-gfx=262144"
Player connection [60856] Host "[IP] 192.168.1.70 [Port] 0 [Flags] 2 [Guid] 208099984 [EditorId] 208099984 [Version] 1048832 [Id] WindowsEditor(7,DESKTOP-KCRGQGH) [Debug] 1 [PackageName] WindowsEditor [ProjectName] Editor" joined multi-casting on [225.0.0.222:54997]...

Player connection [60856] Host "[IP] 192.168.1.70 [Port] 0 [Flags] 2 [Guid] 208099984 [EditorId] 208099984 [Version] 1048832 [Id] WindowsEditor(7,DESKTOP-KCRGQGH) [Debug] 1 [PackageName] WindowsEditor [ProjectName] Editor" joined alternative multi-casting on [225.0.0.222:34997]...

mdb reader table full -> cleaning up stale readers. Current readers:
    pid     thread     txnid
      9968 2c28 -
     55780 d9ec 14249
      9968 32b0 -
      9968 519c -
     50884 d920 14250
     49148 df1c 14251
     57868 df88 14252
     58208 df18 14253
     57028 e224 14254
     54192 bcdc 14255
     57472 d714 14256
     52884 cf50 14257
     26288 12d4 14258
     53488 d09c 14259
     59488 e864 14260
     60008 ea38 14261
     54844 e6b0 14262
     58936 ea4c 14263
     59496 dd90 14264
     51512 e93c 14265
     57428 c7d0 14266
     60096 eabc 14267
     58844 d9a4 14268
     44144 e01c 14269
     58972 ea2c 14270
     55380 dd44 14271
     59908 9af4 14272
     58704 e828 14273
     12488 d938 14274
     51084 e788 14275
     54564 d9dc 14276
     46780 d834 14277
     55508 e0c0 14278
     50652 86cc 14279
     59888 e744 14280
     59968 dc9c 14281
     54636 d990 14282
      1104 e2bc 14283
     56336 e0d8 14284
     60300 d4dc 14285
     54856 e4d0 14286
     56528 eb18 14287
     56748 e6f8 14288
     60100 ea24 14289
     56816 cdd4 14290
     59456 d7ec 14291
     58404 4074 14292
     57796 166c 14293
     58848 e304 14294
     42344 eb98 14295
     46176 dd48 14296
     59268 e774 14297
     58860 e85c 14298
     31928 8a44 14299
     34108 e35c 14300
     59896 c738 14301
     45628 b384 14302
     56744 e010 14303
     56104 d984 14304
     55732 e818 14305
     59876 d500 14306
     58840 e8b4 14307
     56504 e7d4 14308
     54512 de2c 14309
     49192 dab4 14310
     58900 e8e4 14311
     59172 e9d0 14312
     35012 d7a4 14313
     55600 d0c8 14314
     54028 dea4 14315
     58532 e57c 14316
     57136 c8b4 14317
     57248 ce4c 14318
     57716 de74 14319
     58992 acac 14320
     31648 dcc0 14321
     19312 e414 14322
     60292 d2cc 14323
     59752 d8ac 14324
     58132 c9e8 14325
     53572 cc84 14326
     56776 ea5c 14327
     53840 e110 14328
     51844 da90 14329
     58948 e6ec 14330
     35408 d4e0 14331
     55420 e928 14332
     59216 d888 14333
     42132 eb80 14334
     34944 df10 14335
     59104 de84 14336
     60056 e354 14337
     60328 b0d4 14338
     58568 c6e8 14339
     48504 e5e8 14340
     59540 e728 14341
     59308 d974 14342
     54500 eaa4 14343
     55900 ea90 14344
     55556 d45c 14345
     56020 de60 14346
     56396 b3c8 14347
     54456 e014 14348
     58440 e7dc 14349
     60420 ec20 14350
     60736 ed3c 14351
     60360 b634 14352
     60744 e500 14353
      4840 de38 14354
     61244 e690 14355
     56168 e77c 14356
      1288 dbb4 14357
     61156 eef0 14358
     61256 d890 14359
     48336 5c8 14360
     60808 ed94 14361
     55304 e0bc 14362
     56616 eae4 14363
     61384 efa8 14364
     59180 e7ec 14365
     59868 dd88 14366
     56848 e4ec 14367
     53420 eb28 14368
     56832 e918 14369
     51968 d840 14370
     56500 eae8 14371
Cleaned out 123 stale readers
received signal from system: SIGSEGV
Obtained 19 stack frames
0x00007ff6b119d1dd (Unity) StackWalker::GetCurrentCallstack
0x00007ff6b11a3d99 (Unity) StackWalker::ShowCallstack
0x00007ff6b213b913 (Unity) GetStacktrace
0x00007ff6b11a2dd6 (Unity) winutils::PrintStackTrace
0x00007ff6b119c80c (Unity) winutils::CrashHandler::DefaultSignalHandler
0x00007ff6b3578b7e (Unity) seh_filter_exe
0x00007ff6b363a4d8 (Unity) `__scrt_common_main_seh'::`1'::filt$0
0x00007ff6b35454b0 (Unity) _C_specific_handler
0x00007ff913dd23df (ntdll) _chkstk
0x00007ff913d814a4 (ntdll) RtlRaiseException
0x00007ff913dd0f0e (ntdll) KiUserExceptionDispatcher
0x00007ff6b24c98e8 (Unity) SyncAssetFoldersWithDB
0x00007ff6b24b70e5 (Unity) InitializeAssetDatabaseV2
0x00007ff6b24380b5 (Unity) AssetDatabase::InitializeAssetDatabase
0x00007ff6b1cdf13f (Unity) Application::InitializeProject
0x00007ff6b2146078 (Unity) WinMain
0x00007ff6b3522e1e (Unity) __scrt_common_main_seh
0x00007ff913317614 (KERNEL32) BaseThreadInitThunk
0x00007ff913d826a1 (ntdll) RtlUserThreadStart

