Using pre-set license
Built from '2021.3/staging' branch; Version is '2021.3.21f1 (1b156197d683) revision 1774945'; Using compiler version '192829333'; Build Type 'Release'
OS: 'Windows 10  (10.0.19045) 64bit Core' Language: 'pt' Physical Memory: 8114 MB
BatchMode: 1, IsHumanControllingUs: 0, StartBugReporterOnCrash: 0, Is64bit: 1, IsPro: 1

COMMAND LINE ARGUMENTS:
C:\Program Files\Unity\Hub\Editor\2021.3.21f1\Editor\Unity.exe
-adb2
-batchMode
-noUpm
-name
AssetImportWorker123
-projectPath
C:/Users/diogo/Desktop/School/DJA/Project/Infected
-logFile
Logs/AssetImportWorker123.log
-srvPort
57425
Successfully changed project path to: C:/Users/diogo/Desktop/School/DJA/Project/Infected
C:/Users/diogo/Desktop/School/DJA/Project/Infected
[UnityMemory] Configuration Parameters - Can be set up in boot.config
    "memorysetup-bucket-allocator-granularity=16"
    "memorysetup-bucket-allocator-bucket-count=8"
    "memorysetup-bucket-allocator-block-size=33554432"
    "memorysetup-bucket-allocator-block-count=8"
    "memorysetup-main-allocator-block-size=16777216"
    "memorysetup-thread-allocator-block-size=16777216"
    "memorysetup-gfx-main-allocator-block-size=16777216"
    "memorysetup-gfx-thread-allocator-block-size=16777216"
    "memorysetup-cache-allocator-block-size=4194304"
    "memorysetup-typetree-allocator-block-size=2097152"
    "memorysetup-profiler-bucket-allocator-granularity=16"
    "memorysetup-profiler-bucket-allocator-bucket-count=8"
    "memorysetup-profiler-bucket-allocator-block-size=33554432"
    "memorysetup-profiler-bucket-allocator-block-count=8"
    "memorysetup-profiler-allocator-block-size=16777216"
    "memorysetup-profiler-editor-allocator-block-size=1048576"
    "memorysetup-temp-allocator-size-main=16777216"
    "memorysetup-job-temp-allocator-block-size=2097152"
    "memorysetup-job-temp-allocator-block-size-background=1048576"
    "memorysetup-job-temp-allocator-reduction-small-platforms=262144"
    "memorysetup-temp-allocator-size-background-worker=32768"
    "memorysetup-temp-allocator-size-job-worker=262144"
    "memorysetup-temp-allocator-size-preload-manager=33554432"
    "memorysetup-temp-allocator-size-nav-mesh-worker=65536"
    "memorysetup-temp-allocator-size-audio-worker=65536"
    "memorysetup-temp-allocator-size-cloud-worker=32768"
    "memorysetup-temp-allocator-size-gi-baking-worker=262144"
    "memorysetup-temp-allocator-size-gfx=262144"
Player connection [10188] Host "[IP] 192.168.1.70 [Port] 0 [Flags] 2 [Guid] 3529749861 [EditorId] 3529749861 [Version] 1048832 [Id] WindowsEditor(7,DESKTOP-KCRGQGH) [Debug] 1 [PackageName] WindowsEditor [ProjectName] Editor" joined multi-casting on [225.0.0.222:54997]...

Player connection [10188] Host "[IP] 192.168.1.70 [Port] 0 [Flags] 2 [Guid] 3529749861 [EditorId] 3529749861 [Version] 1048832 [Id] WindowsEditor(7,DESKTOP-KCRGQGH) [Debug] 1 [PackageName] WindowsEditor [ProjectName] Editor" joined alternative multi-casting on [225.0.0.222:34997]...

mdb reader table full -> cleaning up stale readers. Current readers:
    pid     thread     txnid
      9968 2c28 -
       640 bf0 11492
      9968 32b0 -
      9968 519c -
     22116 5274 11467
     17172 197c 11468
     22500 53bc 11469
      6352 3458 11470
      2704 43b0 11471
     19956 565c 11472
     20504 2060 11473
     13076 5718 11474
     22424 57f8 11493
      6224 151c 11494
      3544 1698 11495
     20156 4eb0 11505
     15264 b7c 11506
      9768 1c58 11507
      5956 1408 11508
     12544 3b24 11511
      7324 2bac 11512
      1724 2f74 11514
      9092 5138 11515
     10196 1da4 11518
      9664 2d70 11519
      3264 3180 11520
     11372 558 11521
     10912 16d8 11574
      6356 274c 11575
      3384 1d30 11576
      3208 4630 11577
     22064 234c 11593
       952 55e0 11594
     21544 484c 11595
     12492 358c 11596
     18232 1d0c 11597
     10484 36f8 11598
     15616 481c 11599
      7384 310 11600
     11260 19e0 11601
      8752 490 11602
     21196 1700 11603
     20928 57ac 11604
     18936 48d0 11605
      9496 215c 11606
     10688 888 11607
     18636 2774 11608
     14884 4ea4 11609
      9256 1a30 11610
     18440 48c4 11611
     12924 331c 11612
     19116 2198 11613
     16856 90c 11614
     22160 1648 11615
      5644 2924 11616
     12604 d88 11617
     21632 1bb8 11618
      4032 3370 11619
     13600 50ec 11620
     21116 153c 11621
     17764 4c8 11622
      6108 36e8 11623
      8284 255c 11624
      7736 4060 11625
     18380 291c 11626
     10760 5230 11627
     10988 4cb8 11628
      8988 2be0 11629
      7560 27e4 11630
      8032 12c4 11631
      5212 56f4 11632
     22156 11dc 11633
     11912 1f7c 11638
      8496 bd0 11639
      8400 e30 11640
     19660 36a4 11641
      5776 f44 11642
      1552 256c 11643
     11636 31fc 11644
      3516 2ef0 11645
     21660 53c8 11646
      6568 df8 11647
      3476 c48 11648
      1020 28ac 11653
     21368 5410 11654
     22448 1ef4 11655
     19000 24b4 11656
      9312 1528 11657
     13704 1fdc 11658
     18612 704 11661
      2260 1b9c 11662
      6768 222c 11663
     11568 5264 11664
      4356 4ac0 11665
     20908 5058 11666
     11392 12bc 11667
     21112 5414 11668
      7292 2c88 11669
     10928 4dfc 11670
      7612 2b7c 11671
      1968 2d0c 11672
      2148 4110 11673
     10808 3d54 11674
     12144 3ad4 11675
     12172 51c 11676
     16812 2c54 11677
      4184 3f18 11678
     21232 111c 11679
     10804 5470 11680
     22464 2804 11682
     21432 b90 11683
     12000 3b80 11684
      1640 48e0 11685
      4784 4b90 11687
      9148 4898 11688
     14880 4a50 11689
     15892 fb0 11690
      8636 548c 11691
     12224 1ce8 11692
     12088 29bc 11693
      5280 3d48 11694
     10544 1bf0 11698
     15808 213c 11699
      8160 2314 11700
     20400 15dc 11701
      1608 9dc 11703
Cleaned out 122 stale readers
received signal from system: SIGSEGV
Obtained 19 stack frames
0x00007ff6b119d1dd (Unity) StackWalker::GetCurrentCallstack
0x00007ff6b11a3d99 (Unity) StackWalker::ShowCallstack
0x00007ff6b213b913 (Unity) GetStacktrace
0x00007ff6b11a2dd6 (Unity) winutils::PrintStackTrace
0x00007ff6b119c80c (Unity) winutils::CrashHandler::DefaultSignalHandler
0x00007ff6b3578b7e (Unity) seh_filter_exe
0x00007ff6b363a4d8 (Unity) `__scrt_common_main_seh'::`1'::filt$0
0x00007ff6b35454b0 (Unity) _C_specific_handler
0x00007ff913dd23df (ntdll) _chkstk
0x00007ff913d814a4 (ntdll) RtlRaiseException
0x00007ff913dd0f0e (ntdll) KiUserExceptionDispatcher
0x00007ff6b24c98e8 (Unity) SyncAssetFoldersWithDB
0x00007ff6b24b70e5 (Unity) InitializeAssetDatabaseV2
0x00007ff6b24380b5 (Unity) AssetDatabase::InitializeAssetDatabase
0x00007ff6b1cdf13f (Unity) Application::InitializeProject
0x00007ff6b2146078 (Unity) WinMain
0x00007ff6b3522e1e (Unity) __scrt_common_main_seh
0x00007ff913317614 (KERNEL32) BaseThreadInitThunk
0x00007ff913d826a1 (ntdll) RtlUserThreadStart

