Using pre-set license
Built from '2021.3/staging' branch; Version is '2021.3.21f1 (1b156197d683) revision 1774945'; Using compiler version '192829333'; Build Type 'Release'
OS: 'Windows 10  (10.0.19045) 64bit Core' Language: 'pt' Physical Memory: 8114 MB
BatchMode: 1, IsHumanControllingUs: 0, StartBugReporterOnCrash: 0, Is64bit: 1, IsPro: 1

COMMAND LINE ARGUMENTS:
C:\Program Files\Unity\Hub\Editor\2021.3.21f1\Editor\Unity.exe
-adb2
-batchMode
-noUpm
-name
AssetImportWorker2214
-projectPath
C:/Users/diogo/Desktop/School/DJA/Project/Infected
-logFile
Logs/AssetImportWorker2214.log
-srvPort
61492
Successfully changed project path to: C:/Users/diogo/Desktop/School/DJA/Project/Infected
C:/Users/diogo/Desktop/School/DJA/Project/Infected
[UnityMemory] Configuration Parameters - Can be set up in boot.config
    "memorysetup-bucket-allocator-granularity=16"
    "memorysetup-bucket-allocator-bucket-count=8"
    "memorysetup-bucket-allocator-block-size=33554432"
    "memorysetup-bucket-allocator-block-count=8"
    "memorysetup-main-allocator-block-size=16777216"
    "memorysetup-thread-allocator-block-size=16777216"
    "memorysetup-gfx-main-allocator-block-size=16777216"
    "memorysetup-gfx-thread-allocator-block-size=16777216"
    "memorysetup-cache-allocator-block-size=4194304"
    "memorysetup-typetree-allocator-block-size=2097152"
    "memorysetup-profiler-bucket-allocator-granularity=16"
    "memorysetup-profiler-bucket-allocator-bucket-count=8"
    "memorysetup-profiler-bucket-allocator-block-size=33554432"
    "memorysetup-profiler-bucket-allocator-block-count=8"
    "memorysetup-profiler-allocator-block-size=16777216"
    "memorysetup-profiler-editor-allocator-block-size=1048576"
    "memorysetup-temp-allocator-size-main=16777216"
    "memorysetup-job-temp-allocator-block-size=2097152"
    "memorysetup-job-temp-allocator-block-size-background=1048576"
    "memorysetup-job-temp-allocator-reduction-small-platforms=262144"
    "memorysetup-temp-allocator-size-background-worker=32768"
    "memorysetup-temp-allocator-size-job-worker=262144"
    "memorysetup-temp-allocator-size-preload-manager=33554432"
    "memorysetup-temp-allocator-size-nav-mesh-worker=65536"
    "memorysetup-temp-allocator-size-audio-worker=65536"
    "memorysetup-temp-allocator-size-cloud-worker=32768"
    "memorysetup-temp-allocator-size-gi-baking-worker=262144"
    "memorysetup-temp-allocator-size-gfx=262144"
Player connection [53648] Host "[IP] 192.168.1.70 [Port] 0 [Flags] 2 [Guid] 1914199223 [EditorId] 1914199223 [Version] 1048832 [Id] WindowsEditor(7,DESKTOP-KCRGQGH) [Debug] 1 [PackageName] WindowsEditor [ProjectName] Editor" joined multi-casting on [225.0.0.222:54997]...

Player connection [53648] Host "[IP] 192.168.1.70 [Port] 0 [Flags] 2 [Guid] 1914199223 [EditorId] 1914199223 [Version] 1048832 [Id] WindowsEditor(7,DESKTOP-KCRGQGH) [Debug] 1 [PackageName] WindowsEditor [ProjectName] Editor" joined alternative multi-casting on [225.0.0.222:34997]...

mdb reader table full -> cleaning up stale readers. Current readers:
    pid     thread     txnid
      9340 245c -
     54328 d43c 17930
      9340 4270 -
     55168 d784 17931
      9340 1974 -
     53956 d398 17932
     55052 d708 17933
     34696 a978 17934
     53860 d318 17935
     51592 d084 17936
     54276 d420 17938
     53460 cbc4 17939
     52768 cef8 17940
     50232 cb0c 17941
     52096 c07c 17942
     50560 c5c4 17943
     50564 c7c8 17944
     48664 d238 17945
     55020 babc 17946
     53632 ca60 17947
     49596 d2a8 17948
     50980 d2a4 17949
     50468 bc88 17950
     52120 c44c 17951
     53756 d5fc 17952
     54448 d058 17953
     52492 ca00 17954
     54360 d454 17955
     52080 c8c0 17956
     53176 d634 17957
     52752 d414 17958
     48044 ca18 17959
     54424 af6c 17960
     52876 c930 17961
     53552 c55c 17962
     54204 d75c 17963
     54884 c61c 17964
     45032 cbe4 17965
     48056 c56c 17966
     54684 b3a4 17967
     54068 b668 17968
     52180 d6e4 17969
     50932 ba54 17970
     54644 bf98 17971
     52960 d428 17972
     53236 ab20 17973
     51908 bc34 17974
     51416 d65c 17975
     53312 c1c4 17976
     54580 d52c 17977
     50808 cd10 17978
     51668 c128 17979
     51092 c0c4 17980
     50840 c0cc 17981
     53292 d2d4 17982
     46440 c53c 17983
     36144 33d8 17984
     50528 baf8 17985
     54180 bc8c 17986
     55080 c490 17987
     50224 d6d4 17988
     52160 c27c 17989
     55088 c7b8 17990
     45048 d4e8 17991
     32668 cd18 17992
     50608 c40c 17993
     50700 d40c 17994
     54604 d79c 17995
     46280 d734 17996
     53076 d678 17997
     36536 d5f8 17998
     50364 ce28 17999
     53964 c870 18000
     48496 d260 18001
     52228 d050 18002
     48356 cd8c 18003
     50744 d38c 18004
     54244 d5dc 18005
     49792 cd64 18006
     54680 bcc4 18007
     48604 d7e0 18008
     54632 bc80 18009
     55292 b9b0 18010
     53468 c3b4 18011
     47612 cd28 18012
     52772 d5b4 18013
     45344 c540 18014
     50584 d724 18015
     50652 caa4 18016
     55284 bc7c 18017
     51112 d78c 18018
     28476 c4e4 18019
     46412 c410 18020
     54848 c808 18021
     54688 c7e0 18022
     50636 d3cc 18023
     52020 d63c 18024
     50656 bfb8 18025
     54784 bfdc 18026
     36564 d514 18027
     53828 d1c8 18028
     52388 d4f0 18029
     50920 d548 18030
     51104 c660 18031
     13180 d6c4 18032
     54624 cc20 18033
     52740 bef8 18034
     54280 c6bc 18035
     53596 c3ec 18036
     54804 bdb0 18037
     53940 5b00 18038
     44088 c920 18039
     51700 c754 18040
     48596 d100 18041
     53960 c28c 18042
     55144 d6e0 18043
     55136 ba2c 18044
     54252 d31c 18045
     55220 c058 18046
     53848 b378 18047
     52672 d3fc 18048
     47832 c544 18049
     48660 c8b8 18050
     53348 d434 18051
     46508 d284 18052
     54664 c454 18053
Cleaned out 123 stale readers
received signal from system: SIGSEGV
Obtained 19 stack frames
0x00007ff730a8d1dd (Unity) StackWalker::GetCurrentCallstack
0x00007ff730a93d99 (Unity) StackWalker::ShowCallstack
0x00007ff731a2b913 (Unity) GetStacktrace
0x00007ff730a92dd6 (Unity) winutils::PrintStackTrace
0x00007ff730a8c80c (Unity) winutils::CrashHandler::DefaultSignalHandler
0x00007ff732e68b7e (Unity) seh_filter_exe
0x00007ff732f2a4d8 (Unity) `__scrt_common_main_seh'::`1'::filt$0
0x00007ff732e354b0 (Unity) _C_specific_handler
0x00007ffdebe923df (ntdll) _chkstk
0x00007ffdebe414a4 (ntdll) RtlRaiseException
0x00007ffdebe90f0e (ntdll) KiUserExceptionDispatcher
0x00007ff731db98e8 (Unity) SyncAssetFoldersWithDB
0x00007ff731da70e5 (Unity) InitializeAssetDatabaseV2
0x00007ff731d280b5 (Unity) AssetDatabase::InitializeAssetDatabase
0x00007ff7315cf13f (Unity) Application::InitializeProject
0x00007ff731a36078 (Unity) WinMain
0x00007ff732e12e1e (Unity) __scrt_common_main_seh
0x00007ffdeb8d7614 (KERNEL32) BaseThreadInitThunk
0x00007ffdebe426a1 (ntdll) RtlUserThreadStart

