Using pre-set license
Built from '2021.3/staging' branch; Version is '2021.3.21f1 (1b156197d683) revision 1774945'; Using compiler version '192829333'; Build Type 'Release'
OS: 'Windows 10  (10.0.19045) 64bit Core' Language: 'pt' Physical Memory: 8114 MB
BatchMode: 1, IsHumanControllingUs: 0, StartBugReporterOnCrash: 0, Is64bit: 1, IsPro: 1

COMMAND LINE ARGUMENTS:
C:\Program Files\Unity\Hub\Editor\2021.3.21f1\Editor\Unity.exe
-adb2
-batchMode
-noUpm
-name
AssetImportWorker1476
-projectPath
C:/Users/diogo/Desktop/School/DJA/Project/Infected
-logFile
Logs/AssetImportWorker1476.log
-srvPort
61492
Successfully changed project path to: C:/Users/diogo/Desktop/School/DJA/Project/Infected
C:/Users/diogo/Desktop/School/DJA/Project/Infected
[UnityMemory] Configuration Parameters - Can be set up in boot.config
    "memorysetup-bucket-allocator-granularity=16"
    "memorysetup-bucket-allocator-bucket-count=8"
    "memorysetup-bucket-allocator-block-size=33554432"
    "memorysetup-bucket-allocator-block-count=8"
    "memorysetup-main-allocator-block-size=16777216"
    "memorysetup-thread-allocator-block-size=16777216"
    "memorysetup-gfx-main-allocator-block-size=16777216"
    "memorysetup-gfx-thread-allocator-block-size=16777216"
    "memorysetup-cache-allocator-block-size=4194304"
    "memorysetup-typetree-allocator-block-size=2097152"
    "memorysetup-profiler-bucket-allocator-granularity=16"
    "memorysetup-profiler-bucket-allocator-bucket-count=8"
    "memorysetup-profiler-bucket-allocator-block-size=33554432"
    "memorysetup-profiler-bucket-allocator-block-count=8"
    "memorysetup-profiler-allocator-block-size=16777216"
    "memorysetup-profiler-editor-allocator-block-size=1048576"
    "memorysetup-temp-allocator-size-main=16777216"
    "memorysetup-job-temp-allocator-block-size=2097152"
    "memorysetup-job-temp-allocator-block-size-background=1048576"
    "memorysetup-job-temp-allocator-reduction-small-platforms=262144"
    "memorysetup-temp-allocator-size-background-worker=32768"
    "memorysetup-temp-allocator-size-job-worker=262144"
    "memorysetup-temp-allocator-size-preload-manager=33554432"
    "memorysetup-temp-allocator-size-nav-mesh-worker=65536"
    "memorysetup-temp-allocator-size-audio-worker=65536"
    "memorysetup-temp-allocator-size-cloud-worker=32768"
    "memorysetup-temp-allocator-size-gi-baking-worker=262144"
    "memorysetup-temp-allocator-size-gfx=262144"
Player connection [41248] Host "[IP] 192.168.1.70 [Port] 0 [Flags] 2 [Guid] 3700583990 [EditorId] 3700583990 [Version] 1048832 [Id] WindowsEditor(7,DESKTOP-KCRGQGH) [Debug] 1 [PackageName] WindowsEditor [ProjectName] Editor" joined multi-casting on [225.0.0.222:54997]...

Player connection [41248] Host "[IP] 192.168.1.70 [Port] 0 [Flags] 2 [Guid] 3700583990 [EditorId] 3700583990 [Version] 1048832 [Id] WindowsEditor(7,DESKTOP-KCRGQGH) [Debug] 1 [PackageName] WindowsEditor [ProjectName] Editor" joined alternative multi-casting on [225.0.0.222:34997]...

mdb reader table full -> cleaning up stale readers. Current readers:
    pid     thread     txnid
      9340 245c -
     39620 9974 17188
      9340 4270 -
     39992 9d74 17189
      9340 1974 -
     40932 8c80 17190
     32904 99cc 17191
     40276 9d90 17192
     39072 9d08 17193
     36200 94ac 17194
     40240 9e5c 17195
     40804 9e68 17196
     39968 8a2c 17197
     40460 7478 17198
     39800 9b24 17199
     40720 9a5c 17200
     40192 9e64 17201
     40056 906c 17202
     36264 9c98 17203
     39088 9fe0 17204
     35104 9938 17205
     38852 9d70 17206
     30736 85b8 17207
     38728 9c4c 17208
     31212 9c5c 17209
     40232 99e8 17210
     40420 9740 17211
     40516 94dc 17212
     36372 9430 17213
     31832 9e78 17214
     32040 9fb8 17215
     39644 9b90 17216
     37060 9540 17217
     40696 9be8 17218
     38156 9c90 17219
     40844 96d4 17220
     39152 9f98 17221
     39052 9a54 17222
     40524 9490 17223
     40692 7b40 17224
     39908 946c 17225
     38980 9d2c 17226
     41644 a2b0 17227
     41920 a3c4 17228
     41972 a3e8 17229
     41656 a240 17230
     39560 858c 17231
     39280 9e10 17232
     39820 96f0 17233
     40220 a114 17234
     39568 a060 17235
     39540 9ca8 17236
     40604 9d24 17237
     36220 a0b0 17238
     37880 a270 17239
     41168 a314 17240
     23004 9b00 17241
     39168 9994 17242
     40664 a098 17243
     34920 948c 17244
     41500 9ba0 17245
     38020 96e4 17246
     39996 a224 17247
     40532 a1ec 17248
     41824 a188 17249
     38704 6870 17250
     40732 a16c 17251
     41620 a02c 17252
     25776 9570 17253
     38200 a0c8 17254
     40084 a1bc 17255
     40908 6cbc 17256
     39364 82a4 17257
     41016 96f8 17258
     41204 a0f8 17259
     39772 956c 17260
     41796 9d60 17261
     40780 9cfc 17262
     41592 9c44 17263
     41044 8e88 17264
     39564 a2e0 17265
     38936 a088 17266
     31892 a0d8 17267
     40684 8a28 17268
     38656 a1b8 17269
     40996 a2c8 17270
     40484 9e18 17271
     40956 60b0 17272
     40032 9a40 17273
     40300 a2e8 17274
     41956 66b8 17275
     40328 99e4 17276
     40912 9ce4 17277
     40988 a00c 17278
     36432 78d4 17279
     32556 a328 17280
     35444 a020 17281
     41396 9488 17282
     41372 9a70 17283
     40748 a11c 17284
     40412 a298 17285
     41292 a080 17286
     39340 9d3c 17287
     39028 a29c 17288
     41800 9a28 17289
     38708 9d98 17290
     28960 a25c 17291
     40140 a254 17292
     39296 9ac8 17293
     37484 a26c 17294
     38768 9468 17295
     40340 9d9c 17296
     41344 a1e0 17297
     41380 8f38 17298
     41212 9b84 17299
     41356 6628 17300
     39940 9cec 17301
     41560 661c 17302
     42236 a500 17303
     42496 a604 17304
     38760 9b50 17305
     40416 a394 17306
     42720 a700 17307
     42928 a7b4 17308
     42320 a54c 17309
     40536 a680 17310
Cleaned out 123 stale readers
received signal from system: SIGSEGV
Obtained 19 stack frames
0x00007ff730a8d1dd (Unity) StackWalker::GetCurrentCallstack
0x00007ff730a93d99 (Unity) StackWalker::ShowCallstack
0x00007ff731a2b913 (Unity) GetStacktrace
0x00007ff730a92dd6 (Unity) winutils::PrintStackTrace
0x00007ff730a8c80c (Unity) winutils::CrashHandler::DefaultSignalHandler
0x00007ff732e68b7e (Unity) seh_filter_exe
0x00007ff732f2a4d8 (Unity) `__scrt_common_main_seh'::`1'::filt$0
0x00007ff732e354b0 (Unity) _C_specific_handler
0x00007ffdebe923df (ntdll) _chkstk
0x00007ffdebe414a4 (ntdll) RtlRaiseException
0x00007ffdebe90f0e (ntdll) KiUserExceptionDispatcher
0x00007ff731db98e8 (Unity) SyncAssetFoldersWithDB
0x00007ff731da70e5 (Unity) InitializeAssetDatabaseV2
0x00007ff731d280b5 (Unity) AssetDatabase::InitializeAssetDatabase
0x00007ff7315cf13f (Unity) Application::InitializeProject
0x00007ff731a36078 (Unity) WinMain
0x00007ff732e12e1e (Unity) __scrt_common_main_seh
0x00007ffdeb8d7614 (KERNEL32) BaseThreadInitThunk
0x00007ffdebe426a1 (ntdll) RtlUserThreadStart

